
**************************************************
 # 5-8-2013 21:37:53 : Transfer adstraffic.daily_olap_trxids_by_content_category FROM dw10:analyticsdb To dw3
**************************************************
*Transfer by: chinh
*Start process with ID: 79828
*Exporting data to dw10:analyticsdb.adstraffic.daily_olap_trxids_by_content_category_20130805T21375300000.csv ...
*Verify export count...
*Exported: 488223
*Copy export file to transformer.
*Remove the transfer file on dw10...
*Begin Importing process...
*Copy export file to dw3
*Remove the transfer file on transformer dw10...
*Delete old data on dw3
*Importing dw10:analyticsdb.adstraffic.daily_olap_trxids_by_content_category_20130805T21375300000.csv ...! Normal mode
*Verify import count...
*Imported: 488223
*Finished!
*Remove the transfer file on dw3...
# 5-8-2013 21:44:49 : Transfer completed!

**************************************************
 # 5-8-2013 21:44:49 : Transfer adstraffic.daily_attributed_request_stats FROM dw10:analyticsdb To dw3
**************************************************
*Transfer by: chinh
*Start process with ID: 79829
*Exporting data to dw10:analyticsdb.adstraffic.daily_attributed_request_stats_20130805T21444900000.csv ...
*Verify export count...
*Exported: 10620
*Copy export file to transformer.
*Remove the transfer file on dw10...
*Begin Importing process...
*Copy export file to dw3
*Remove the transfer file on transformer dw10...
*Delete old data on dw3
*Importing dw10:analyticsdb.adstraffic.daily_attributed_request_stats_20130805T21444900000.csv ...! Normal mode
*Verify import count...
*Imported: 10620
*Finished!
*Remove the transfer file on dw3...
# 5-8-2013 21:44:52 : Transfer completed!

**************************************************
 # 5-8-2013 21:44:52 : Transfer adstraffic.daily_olap_attributed_request_by_uis FROM dw10:analyticsdb To dw3
**************************************************
*Transfer by: chinh
*Start process with ID: 79830
*Exporting data to dw10:analyticsdb.adstraffic.daily_olap_attributed_request_by_uis_20130805T21445200000.csv ...
*Verify export count...
*Exported: 461185
*Copy export file to transformer.
*Remove the transfer file on dw10...
*Begin Importing process...
*Copy export file to dw3
*Remove the transfer file on transformer dw10...
*Delete old data on dw3
*Importing dw10:analyticsdb.adstraffic.daily_olap_attributed_request_by_uis_20130805T21445200000.csv ...! Normal mode
*Verify import count...
*Imported: 461185
*Finished!
*Remove the transfer file on dw3...
# 5-8-2013 21:45:56 : Transfer completed!

**************************************************
 # 5-8-2013 21:45:56 : Transfer adstraffic.daily_olap_trxids_by_portal FROM dw10:analyticsdb To dw3
**************************************************
*Transfer by: chinh
*Start process with ID: 79831
*Exporting data to dw10:analyticsdb.adstraffic.daily_olap_trxids_by_portal_20130805T21455600000.csv ...
*Verify export count...
*Exported: 395459
*Copy export file to transformer.
*Remove the transfer file on dw10...
*Begin Importing process...
*Copy export file to dw3
*Remove the transfer file on transformer dw10...
*Delete old data on dw3
*Importing dw10:analyticsdb.adstraffic.daily_olap_trxids_by_portal_20130805T21455600000.csv ...! Normal mode
*Verify import count...
*Imported: 395459
*Finished!
*Remove the transfer file on dw3...
# 5-8-2013 21:50:18 : Transfer completed!

**************************************************
 # 5-8-2013 21:50:18 : Transfer adstraffic.daily_filled_stats_by_content_category FROM dw10:analyticsdb To dw3
**************************************************
*Transfer by: chinh
*Start process with ID: 79832
*Exporting data to dw10:analyticsdb.adstraffic.daily_filled_stats_by_content_category_20130805T21501800000.csv ...
*Verify export count...
*Exported: 28962
*Copy export file to transformer.
*Remove the transfer file on dw10...
*Begin Importing process...
*Copy export file to dw3
*Remove the transfer file on transformer dw10...
*Delete old data on dw3
*Importing dw10:analyticsdb.adstraffic.daily_filled_stats_by_content_category_20130805T21501800000.csv ...! Normal mode
*Verify import count...
*Imported: 28962
*Finished!
*Remove the transfer file on dw3...
# 5-8-2013 21:50:37 : Transfer completed!

**************************************************
 # 5-8-2013 21:50:37 : Transfer adstraffic.daily_olap_filled_by_portal FROM dw10:analyticsdb To dw3
**************************************************
*Transfer by: chinh
*Start process with ID: 79833
*Exporting data to dw10:analyticsdb.adstraffic.daily_olap_filled_by_portal_20130805T21503700000.csv ...
*Verify export count...
*Exported: 292310
*Copy export file to transformer.
*Remove the transfer file on dw10...
*Begin Importing process...
*Copy export file to dw3
*Remove the transfer file on transformer dw10...
*Delete old data on dw3
*Importing dw10:analyticsdb.adstraffic.daily_olap_filled_by_portal_20130805T21503700000.csv ...! Normal mode
*Verify import count...
*Imported: 292310
*Finished!
*Remove the transfer file on dw3...
# 5-8-2013 21:52:56 : Transfer completed!

**************************************************
 # 5-8-2013 21:52:56 : Transfer adstraffic.daily_filled_stats_by_dma FROM dw10:analyticsdb To dw3
**************************************************
*Transfer by: chinh
*Start process with ID: 79834
*Exporting data to dw10:analyticsdb.adstraffic.daily_filled_stats_by_dma_20130805T21525600000.csv ...
*Verify export count...
*Exported: 277773
*Copy export file to transformer.
*Remove the transfer file on dw10...
*Begin Importing process...
*Copy export file to dw3
*Remove the transfer file on transformer dw10...
*Delete old data on dw3
*Importing dw10:analyticsdb.adstraffic.daily_filled_stats_by_dma_20130805T21525600000.csv ...! Normal mode
*Verify import count...
*Imported: 277773
*Finished!
*Remove the transfer file on dw3...
# 5-8-2013 21:56:26 : Transfer completed!

**************************************************
 # 5-8-2013 21:56:26 : Transfer adstraffic.daily_filled_stats FROM dw10:analyticsdb To dw3
**************************************************
*Transfer by: chinh
*Start process with ID: 79835
*Exporting data to dw10:analyticsdb.adstraffic.daily_filled_stats_20130805T21562600000.csv ...
*Verify export count...
*Exported: 9871
*Copy export file to transformer.
*Remove the transfer file on dw10...
*Begin Importing process...
*Copy export file to dw3
*Remove the transfer file on transformer dw10...
*Delete old data on dw3
*Importing dw10:analyticsdb.adstraffic.daily_filled_stats_20130805T21562600000.csv ...! Normal mode
*Verify import count...
*Imported: 9871
*Finished!
*Remove the transfer file on dw3...
# 5-8-2013 21:56:34 : Transfer completed!

**************************************************
 # 5-8-2013 21:56:34 : Transfer adstraffic.daily_adcel_stats FROM dw10:analyticsdb To dw3
**************************************************
*Transfer by: chinh
*Start process with ID: 79836
*Exporting data to dw10:analyticsdb.adstraffic.daily_adcel_stats_20130805T21563400000.csv ...
*Verify export count...
*Exported: 1
*Copy export file to transformer.
*Remove the transfer file on dw10...
*Begin Importing process...
*Copy export file to dw3
*Remove the transfer file on transformer dw10...
*Delete old data on dw3
*Importing dw10:analyticsdb.adstraffic.daily_adcel_stats_20130805T21563400000.csv ...! Normal mode
*Verify import count...
*Imported: 1
*Finished!
*Remove the transfer file on dw3...
# 5-8-2013 21:56:34 : Transfer completed!

**************************************************
 # 5-8-2013 21:56:34 : Transfer adstraffic.daily_geo_quality FROM dw10:analyticsdb To dw3
**************************************************
*Transfer by: chinh
*Start process with ID: 79837
*Exporting data to dw10:analyticsdb.adstraffic.daily_geo_quality_20130805T21563400000.csv ...
*Verify export count...
*Exported: 2957
*Copy export file to transformer.
*Remove the transfer file on dw10...
*Begin Importing process...
*Copy export file to dw3
*Remove the transfer file on transformer dw10...
*Delete old data on dw3
*Importing dw10:analyticsdb.adstraffic.daily_geo_quality_20130805T21563400000.csv ...! Normal mode
*Verify import count...
*Imported: 2957
*Finished!
*Remove the transfer file on dw3...
# 5-8-2013 21:56:39 : Transfer completed!

**************************************************
 # 5-8-2013 21:56:39 : Transfer adstraffic.daily_unfilled_stats_by_dma FROM dw10:analyticsdb To dw3
**************************************************
*Transfer by: chinh
*Start process with ID: 79838
*Exporting data to dw10:analyticsdb.adstraffic.daily_unfilled_stats_by_dma_20130805T21563900000.csv ...
*Verify export count...
*Exported: 133554
*Copy export file to transformer.
*Remove the transfer file on dw10...
*Begin Importing process...
*Copy export file to dw3
*Remove the transfer file on transformer dw10...
*Delete old data on dw3
*Importing dw10:analyticsdb.adstraffic.daily_unfilled_stats_by_dma_20130805T21563900000.csv ...! Normal mode
*Verify import count...
*Imported: 133554
*Finished!
*Remove the transfer file on dw3...
# 5-8-2013 21:58:20 : Transfer completed!

**************************************************
 # 5-8-2013 21:58:20 : Transfer adstraffic.daily_unfilled_stats_by_content_category FROM dw10:analyticsdb To dw3
**************************************************
*Transfer by: chinh
*Start process with ID: 79839
*Exporting data to dw10:analyticsdb.adstraffic.daily_unfilled_stats_by_content_category_20130805T21582000000.csv ...
*Verify export count...
*Exported: 8151
*Copy export file to transformer.
*Remove the transfer file on dw10...
*Begin Importing process...
*Copy export file to dw3
*Remove the transfer file on transformer dw10...
*Delete old data on dw3
*Importing dw10:analyticsdb.adstraffic.daily_unfilled_stats_by_content_category_20130805T21582000000.csv ...! Normal mode
*Verify import count...
*Imported: 8151
*Finished!
*Remove the transfer file on dw3...
# 5-8-2013 21:58:32 : Transfer completed!

**************************************************
 # 5-8-2013 21:58:32 : Transfer adstraffic.daily_olap_unfilled_by_portal FROM dw10:analyticsdb To dw3
**************************************************
*Transfer by: chinh
*Start process with ID: 79840
*Exporting data to dw10:analyticsdb.adstraffic.daily_olap_unfilled_by_portal_20130805T21583200000.csv ...
*Verify export count...
*Exported: 310866
*Copy export file to transformer.
*Remove the transfer file on dw10...
*Begin Importing process...
*Copy export file to dw3
*Remove the transfer file on transformer dw10...
*Delete old data on dw3
*Importing dw10:analyticsdb.adstraffic.daily_olap_unfilled_by_portal_20130805T21583200000.csv ...! Normal mode
*Verify import count...
*Imported: 310866
*Finished!
*Remove the transfer file on dw3...
# 5-8-2013 22:0:50 : Transfer completed!

**************************************************
 # 5-8-2013 22:0:50 : Transfer adstraffic.daily_unfilled_stats FROM dw10:analyticsdb To dw3
**************************************************
*Transfer by: chinh
*Start process with ID: 79841
*Exporting data to dw10:analyticsdb.adstraffic.daily_unfilled_stats_20130805T22005000000.csv ...
*Verify export count...
*Exported: 2769
*Copy export file to transformer.
*Remove the transfer file on dw10...
*Begin Importing process...
*Copy export file to dw3
*Remove the transfer file on transformer dw10...
*Delete old data on dw3
*Importing dw10:analyticsdb.adstraffic.daily_unfilled_stats_20130805T22005000000.csv ...! Normal mode
*Verify import count...
*Imported: 2769
*Finished!
*Remove the transfer file on dw3...
# 5-8-2013 22:0:56 : Transfer completed!

**************************************************
 # 5-8-2013 22:0:56 : Transfer adstraffic.daily_event_stats_by_dma FROM dw10:analyticsdb To dw3
**************************************************
*Transfer by: chinh
*Start process with ID: 79842
*Exporting data to dw10:analyticsdb.adstraffic.daily_event_stats_by_dma_20130805T22005600000.csv ...
*Verify export count...
*Exported: 264646
*Copy export file to transformer.
*Remove the transfer file on dw10...
*Begin Importing process...
*Copy export file to dw3
*Remove the transfer file on transformer dw10...
*Delete old data on dw3
*Importing dw10:analyticsdb.adstraffic.daily_event_stats_by_dma_20130805T22005600000.csv ...! Normal mode
*Verify import count...
*Imported: 264646
*Finished!
*Remove the transfer file on dw3...
# 5-8-2013 22:5:0 : Transfer completed!

**************************************************
 # 5-8-2013 22:5:0 : Transfer adstraffic.daily_olap_event_by_portal FROM dw10:analyticsdb To dw3
**************************************************
*Transfer by: chinh
*Start process with ID: 79843
*Exporting data to dw10:analyticsdb.adstraffic.daily_olap_event_by_portal_20130805T22050000000.csv ...
*Verify export count...
*Exported: 280977
*Copy export file to transformer.
*Remove the transfer file on dw10...
*Begin Importing process...
*Copy export file to dw3
*Remove the transfer file on transformer dw10...
*Delete old data on dw3
*Importing dw10:analyticsdb.adstraffic.daily_olap_event_by_portal_20130805T22050000000.csv ...! Normal mode
*Verify import count...
*Imported: 280977
*Finished!
*Remove the transfer file on dw3...
# 5-8-2013 22:6:52 : Transfer completed!

**************************************************
 # 5-8-2013 22:6:53 : Transfer adstraffic.daily_event_stats_by_content_category FROM dw10:analyticsdb To dw3
**************************************************
*Transfer by: chinh
*Start process with ID: 79844
*Exporting data to dw10:analyticsdb.adstraffic.daily_event_stats_by_content_category_20130805T22065300000.csv ...
*Verify export count...
*Exported: 26911
*Copy export file to transformer.
*Remove the transfer file on dw10...
*Begin Importing process...
*Copy export file to dw3
*Remove the transfer file on transformer dw10...
*Delete old data on dw3
*Importing dw10:analyticsdb.adstraffic.daily_event_stats_by_content_category_20130805T22065300000.csv ...! Normal mode
*Verify import count...
*Imported: 26911
*Finished!
*Remove the transfer file on dw3...
# 5-8-2013 22:7:21 : Transfer completed!

**************************************************
 # 5-8-2013 22:7:21 : Transfer adstraffic.daily_event_stats_by_adnet FROM dw10:analyticsdb To dw3
**************************************************
*Transfer by: chinh
*Start process with ID: 79845
*Exporting data to dw10:analyticsdb.adstraffic.daily_event_stats_by_adnet_20130805T22072100000.csv ...
*Verify export count...
*Exported: 9416
*Copy export file to transformer.
*Remove the transfer file on dw10...
*Begin Importing process...
*Copy export file to dw3
*Remove the transfer file on transformer dw10...
*Delete old data on dw3
*Importing dw10:analyticsdb.adstraffic.daily_event_stats_by_adnet_20130805T22072100000.csv ...! Normal mode
*Verify import count...
*Imported: 9416
*Finished!
*Remove the transfer file on dw3...
# 5-8-2013 22:7:34 : Transfer completed!

**************************************************
 # 5-8-2013 22:7:34 : Transfer adstraffic.daily_event_stats FROM dw10:analyticsdb To dw3
**************************************************
*Transfer by: chinh
*Start process with ID: 79846
*Exporting data to dw10:analyticsdb.adstraffic.daily_event_stats_20130805T22073400000.csv ...
*Verify export count...
*Exported: 9417
*Copy export file to transformer.
*Remove the transfer file on dw10...
*Begin Importing process...
*Copy export file to dw3
*Remove the transfer file on transformer dw10...
*Delete old data on dw3
*Importing dw10:analyticsdb.adstraffic.daily_event_stats_20130805T22073400000.csv ...! Normal mode
*Verify import count...
*Imported: 9417
*Finished!
*Remove the transfer file on dw3...
# 5-8-2013 22:7:42 : Transfer completed!

**************************************************
 # 5-8-2013 22:7:42 : Transfer adstraffic.daily_ad_serving_stats_by_content_category FROM dw10:analyticsdb To dw3
**************************************************
*Transfer by: chinh
*Start process with ID: 79847
*Exporting data to dw10:analyticsdb.adstraffic.daily_ad_serving_stats_by_content_category_20130805T22074200000.csv ...
*Verify export count...
*Exported: 37124
*Copy export file to transformer.
*Remove the transfer file on dw10...
*Begin Importing process...
*Copy export file to dw3
*Remove the transfer file on transformer dw10...
*Delete old data on dw3
*Importing dw10:analyticsdb.adstraffic.daily_ad_serving_stats_by_content_category_20130805T22074200000.csv ...! Normal mode
*Verify import count...
*Imported: 37124
*Finished!
*Remove the transfer file on dw3...
# 5-8-2013 22:8:57 : Transfer completed!

**************************************************
 # 5-8-2013 22:8:57 : Transfer adstraffic.daily_ad_serving_stats FROM dw10:analyticsdb To dw3
**************************************************
*Transfer by: chinh
*Start process with ID: 79848
*Exporting data to dw10:analyticsdb.adstraffic.daily_ad_serving_stats_20130805T22085700000.csv ...
*Verify export count...
*Exported: 11166
*Copy export file to transformer.
*Remove the transfer file on dw10...
*Begin Importing process...
*Copy export file to dw3
*Remove the transfer file on transformer dw10...
*Delete old data on dw3
*Importing dw10:analyticsdb.adstraffic.daily_ad_serving_stats_20130805T22085700000.csv ...! Normal mode
*Verify import count...
*Imported: 11166
*Finished!
*Remove the transfer file on dw3...
# 5-8-2013 22:9:22 : Transfer completed!

**************************************************
 # 5-8-2013 22:9:22 : Transfer evttracker.daily_event_download FROM dw10:analyticsdb To dw3
**************************************************
*Transfer by: chinh
*Start process with ID: 79849
*Exporting data to dw10:analyticsdb.evttracker.daily_event_download_20130805T22092200000.csv ...
*Verify export count...
*Exported: 0
*Copy export file to transformer.
*Remove the transfer file on dw10...
*Begin Importing process...
*Copy export file to dw3
*Remove the transfer file on transformer dw10...
*Delete old data on dw3
*Importing dw10:analyticsdb.evttracker.daily_event_download_20130805T22092200000.csv ...! Normal mode
*Verify import count...
*Imported: 0
*Finished!
*Remove the transfer file on dw3...
# 5-8-2013 22:9:22 : Transfer completed!

**************************************************
 # 5-8-2013 22:9:23 : Transfer evttracker.daily_event_location_by_distance FROM dw10:analyticsdb To dw3
**************************************************
*Transfer by: chinh
*Start process with ID: 79850
*Exporting data to dw10:analyticsdb.evttracker.daily_event_location_by_distance_20130805T22092200000.csv ...
*Verify export count...
*Exported: 133822
*Copy export file to transformer.
*Remove the transfer file on dw10...
*Begin Importing process...
*Copy export file to dw3
*Remove the transfer file on transformer dw10...
*Delete old data on dw3
*Importing dw10:analyticsdb.evttracker.daily_event_location_by_distance_20130805T22092200000.csv ...! Normal mode
*Verify import count...
*Imported: 133822
*Finished!
*Remove the transfer file on dw3...
# 5-8-2013 22:10:39 : Transfer completed!

**************************************************
 # 5-8-2013 22:10:39 : Transfer evttracker.daily_event_by_distance FROM dw10:analyticsdb To dw3
**************************************************
*Transfer by: chinh
*Start process with ID: 79851
*Exporting data to dw10:analyticsdb.evttracker.daily_event_by_distance_20130805T22103900000.csv ...
*Verify export count...
*Exported: 1292
*Copy export file to transformer.
*Remove the transfer file on dw10...
*Begin Importing process...
*Copy export file to dw3
*Remove the transfer file on transformer dw10...
*Delete old data on dw3
*Importing dw10:analyticsdb.evttracker.daily_event_by_distance_20130805T22103900000.csv ...! Normal mode
*Verify import count...
*Imported: 1292
*Finished!
*Remove the transfer file on dw3...
# 5-8-2013 22:10:42 : Transfer completed!

**************************************************
 # 5-8-2013 22:10:42 : Transfer evttracker.daily_event_maps_olap_min FROM dw10:analyticsdb To dw3
**************************************************
*Transfer by: chinh
*Start process with ID: 79852
*Exporting data to dw10:analyticsdb.evttracker.daily_event_maps_olap_min_20130805T22104200000.csv ...
*Verify export count...
*Exported: 4923
*Copy export file to transformer.
*Remove the transfer file on dw10...
*Begin Importing process...
*Copy export file to dw3
*Remove the transfer file on transformer dw10...
*Delete old data on dw3
*Importing dw10:analyticsdb.evttracker.daily_event_maps_olap_min_20130805T22104200000.csv ...! Normal mode
*Verify import count...
*Imported: 4923
*Finished!
*Remove the transfer file on dw3...
# 5-8-2013 22:10:49 : Transfer completed!

**************************************************
 # 5-8-2013 22:10:49 : Transfer evttracker.daily_event_maps_olap FROM dw10:analyticsdb To dw3
**************************************************
*Transfer by: chinh
*Start process with ID: 79853
*Exporting data to dw10:analyticsdb.evttracker.daily_event_maps_olap_20130805T22104900000.csv ...
*Verify export count...
*Exported: 980438
*Copy export file to transformer.
*Remove the transfer file on dw10...
*Begin Importing process...
*Copy export file to dw3
*Remove the transfer file on transformer dw10...
*Delete old data on dw3
*Importing dw10:analyticsdb.evttracker.daily_event_maps_olap_20130805T22104900000.csv ...! Normal mode
*Verify import count...
*Imported: 980438
*Finished!
*Remove the transfer file on dw3...
# 5-8-2013 22:15:7 : Transfer completed!

**************************************************
 # 5-8-2013 22:15:7 : Transfer evttracker.daily_event_dma FROM dw10:analyticsdb To dw3
**************************************************
*Transfer by: chinh
*Start process with ID: 79854
*Exporting data to dw10:analyticsdb.evttracker.daily_event_dma_20130805T22150700000.csv ...
*Verify export count...
*Exported: 69673
*Copy export file to transformer.
*Remove the transfer file on dw10...
*Begin Importing process...
*Copy export file to dw3
*Remove the transfer file on transformer dw10...
*Delete old data on dw3
*Importing dw10:analyticsdb.evttracker.daily_event_dma_20130805T22150700000.csv ...! Normal mode
*Verify import count...
*Imported: 69673
*Finished!
*Remove the transfer file on dw3...
# 5-8-2013 22:15:21 : Transfer completed!

**************************************************
 # 5-8-2013 22:15:21 : Transfer evttracker.daily_event_dma_by_hour FROM dw10:analyticsdb To dw3
**************************************************
*Transfer by: chinh
*Start process with ID: 79855
*Exporting data to dw10:analyticsdb.evttracker.daily_event_dma_by_hour_20130805T22152100000.csv ...
*Verify export count...
*Exported: 390651
*Copy export file to transformer.
*Remove the transfer file on dw10...
*Begin Importing process...
*Copy export file to dw3
*Remove the transfer file on transformer dw10...
*Delete old data on dw3
*Importing dw10:analyticsdb.evttracker.daily_event_dma_by_hour_20130805T22152100000.csv ...! Normal mode
*Verify import count...
*Imported: 390651
*Finished!
*Remove the transfer file on dw3...
# 5-8-2013 22:16:47 : Transfer completed!

**************************************************
 # 5-8-2013 22:16:47 : Transfer evttracker.daily_event_adcel_stats FROM dw10:analyticsdb To dw3
**************************************************
*Transfer by: chinh
*Start process with ID: 79856
*Exporting data to dw10:analyticsdb.evttracker.daily_event_adcel_stats_20130805T22164700000.csv ...
*Verify export count...
*Exported: 13199
*Copy export file to transformer.
*Remove the transfer file on dw10...
*Begin Importing process...
*Copy export file to dw3
*Remove the transfer file on transformer dw10...
*Delete old data on dw3
*Importing dw10:analyticsdb.evttracker.daily_event_adcel_stats_20130805T22164700000.csv ...! Normal mode
*Verify import count...
*Imported: 13199
*Finished!
*Remove the transfer file on dw3...
# 5-8-2013 22:16:58 : Transfer completed!

**************************************************
 # 5-8-2013 22:16:58 : Transfer evttracker.daily_event_stats FROM dw10:analyticsdb To dw3
**************************************************
*Transfer by: chinh
*Start process with ID: 79857
*Exporting data to dw10:analyticsdb.evttracker.daily_event_stats_20130805T22165800000.csv ...
*Verify export count...
*Exported: 9657
*Copy export file to transformer.
*Remove the transfer file on dw10...
*Begin Importing process...
*Copy export file to dw3
*Remove the transfer file on transformer dw10...
*Delete old data on dw3
*Importing dw10:analyticsdb.evttracker.daily_event_stats_20130805T22165800000.csv ...! Normal mode
*Verify import count...
*Imported: 9657
*Finished!
*Remove the transfer file on dw3...
# 5-8-2013 22:17:3 : Transfer completed!

**************************************************
 # 5-8-2013 22:17:3 : Transfer evttracker.daily_event_x_value_by_hour FROM dw10:analyticsdb To dw3
**************************************************
*Transfer by: chinh
*Start process with ID: 79858
*Exporting data to dw10:analyticsdb.evttracker.daily_event_x_value_by_hour_20130805T22170300000.csv ...
*Verify export count...
*Exported: 397076
*Copy export file to transformer.
*Remove the transfer file on dw10...
*Begin Importing process...
*Copy export file to dw3
*Remove the transfer file on transformer dw10...
*Delete old data on dw3
*Importing dw10:analyticsdb.evttracker.daily_event_x_value_by_hour_20130805T22170300000.csv ...! Normal mode
*Verify import count...
*Imported: 397076
*Finished!
*Remove the transfer file on dw3...
# 5-8-2013 22:20:25 : Transfer completed!

**************************************************
 # 5-8-2013 22:20:25 : Transfer evttracker.daily_event_x_value_report FROM dw10:analyticsdb To dw3
**************************************************
*Transfer by: chinh
*Start process with ID: 79859
*Exporting data to dw10:analyticsdb.evttracker.daily_event_x_value_report_20130805T22202500000.csv ...
*Verify export count...
*Exported: 379170
*Copy export file to transformer.
*Remove the transfer file on dw10...
*Begin Importing process...
*Copy export file to dw3
*Remove the transfer file on transformer dw10...
*Delete old data on dw3
*Importing dw10:analyticsdb.evttracker.daily_event_x_value_report_20130805T22202500000.csv ...! Normal mode
*Verify import count...
*Imported: 379170
*Finished!
*Remove the transfer file on dw3...
# 5-8-2013 22:23:19 : Transfer completed!

**************************************************
 # 5-8-2013 22:23:19 : Transfer evttracker.daily_event_stats_by_hour FROM dw10:analyticsdb To dw3
**************************************************
*Transfer by: chinh
*Start process with ID: 79860
*Exporting data to dw10:analyticsdb.evttracker.daily_event_stats_by_hour_20130805T22231900000.csv ...
*Verify export count...
*Exported: 135097
*Copy export file to transformer.
*Remove the transfer file on dw10...
*Begin Importing process...
*Copy export file to dw3
*Remove the transfer file on transformer dw10...
*Delete old data on dw3
*Importing dw10:analyticsdb.evttracker.daily_event_stats_by_hour_20130805T22231900000.csv ...! Normal mode
*Verify import count...
*Imported: 135097
*Finished!
*Remove the transfer file on dw3...
# 5-8-2013 22:23:42 : Transfer completed!

**************************************************
 # 5-8-2013 22:23:42 : Transfer evttracker.daily_event_stats_adnet FROM dw10:analyticsdb To dw3
**************************************************
*Transfer by: chinh
*Start process with ID: 79861
*Exporting data to dw10:analyticsdb.evttracker.daily_event_stats_adnet_20130805T22234200000.csv ...
*Verify export count...
*Exported: 9674
*Copy export file to transformer.
*Remove the transfer file on dw10...
*Begin Importing process...
*Copy export file to dw3
*Remove the transfer file on transformer dw10...
*Delete old data on dw3
*Importing dw10:analyticsdb.evttracker.daily_event_stats_adnet_20130805T22234200000.csv ...! Normal mode
*Verify import count...
*Imported: 9674
*Finished!
*Remove the transfer file on dw3...
# 5-8-2013 22:23:48 : Transfer completed!

**************************************************
 # 5-8-2013 22:23:48 : Transfer evttracker.daily_event_x_value FROM dw10:analyticsdb To dw3
**************************************************
*Transfer by: chinh
*Start process with ID: 79862
*Exporting data to dw10:analyticsdb.evttracker.daily_event_x_value_20130805T22234800000.csv ...
*Verify export count...
*Exported: 145157
*Copy export file to transformer.
*Remove the transfer file on dw10...
*Begin Importing process...
*Copy export file to dw3
*Remove the transfer file on transformer dw10...
*Delete old data on dw3
*Importing dw10:analyticsdb.evttracker.daily_event_x_value_20130805T22234800000.csv ...! Normal mode
*Verify import count...
*Imported: 145157
*Finished!
*Remove the transfer file on dw3...
# 5-8-2013 22:25:1 : Transfer completed!

**************************************************
 # 5-8-2013 22:25:1 : Transfer adstraffic.daily_olap_trxids_by_content_category FROM dw3 To dw10
**************************************************
*Transfer by: chinh
*Start process with ID: 79863
*Exporting data to dw3.adstraffic.daily_olap_trxids_by_content_category_20130805T22250100000.csv ...
*Verify export count...
*Exported: 488223
*Copy export file to transformer.
*Remove the transfer file on dw3...
*Begin Importing process...
*Copy export file to dw10
*Delete old data on dw10
*Importing dw3.adstraffic.daily_olap_trxids_by_content_category_20130805T22250100000.csv ...! Normal mode
*Verify import count...
*Imported: 488223
*Finished!
*Remove the transfer file on dw10...
# 5-8-2013 22:39:42 : Transfer completed!

*****************************************
 Transfer to backup server of dw10 
*****************************************
# Backup To dw0 ######################
# Backup To pentaho.ecepvn.org ######################

**************************************************
 # 5-8-2013 22:39:52 : Transfer adstraffic.daily_attributed_request_stats FROM dw3 To dw10
**************************************************
*Transfer by: chinh
*Start process with ID: 79866
*Exporting data to dw3.adstraffic.daily_attributed_request_stats_20130805T22395200000.csv ...
*Verify export count...
*Exported: 10620
*Copy export file to transformer.
*Remove the transfer file on dw3...
*Begin Importing process...
*Copy export file to dw10
*Delete old data on dw10
*Importing dw3.adstraffic.daily_attributed_request_stats_20130805T22395200000.csv ...! Normal mode
*Verify import count...
*Imported: 10620
*Finished!
*Remove the transfer file on dw10...
# 5-8-2013 22:39:55 : Transfer completed!

*****************************************
 Transfer to backup server of dw10 
*****************************************
# Backup To dw0 ######################
# Backup To pentaho.ecepvn.org ######################

**************************************************
 # 5-8-2013 22:40:5 : Transfer adstraffic.daily_olap_attributed_request_by_uis FROM dw3 To dw10
**************************************************
*Transfer by: chinh
*Start process with ID: 79869
*Exporting data to dw3.adstraffic.daily_olap_attributed_request_by_uis_20130805T22400500000.csv ...
*Verify export count...
*Exported: 461185
*Copy export file to transformer.
*Remove the transfer file on dw3...
*Begin Importing process...
*Copy export file to dw10
*Delete old data on dw10
*Importing dw3.adstraffic.daily_olap_attributed_request_by_uis_20130805T22400500000.csv ...! Normal mode
*Verify import count...
*Imported: 461185
*Finished!
*Remove the transfer file on dw10...
# 5-8-2013 22:41:16 : Transfer completed!

*****************************************
 Transfer to backup server of dw10 
*****************************************
# Backup To dw0 ######################
# Backup To pentaho.ecepvn.org ######################

**************************************************
 # 5-8-2013 22:41:26 : Transfer adstraffic.daily_olap_trxids_by_portal FROM dw3 To dw10
**************************************************
*Transfer by: chinh
*Start process with ID: 79871
*Exporting data to dw3.adstraffic.daily_olap_trxids_by_portal_20130805T22412600000.csv ...
*Verify export count...
*Exported: 395459
*Copy export file to transformer.
*Remove the transfer file on dw3...
*Begin Importing process...
*Copy export file to dw10
*Delete old data on dw10
*Importing dw3.adstraffic.daily_olap_trxids_by_portal_20130805T22412600000.csv ...! Normal mode
*Verify import count...
*Imported: 395459
*Finished!
*Remove the transfer file on dw10...
# 5-8-2013 22:47:46 : Transfer completed!

*****************************************
 Transfer to backup server of dw10 
*****************************************
# Backup To dw0 ######################
# Backup To pentaho.ecepvn.org ######################

**************************************************
 # 5-8-2013 22:47:56 : Transfer adstraffic.daily_filled_stats_by_content_category FROM dw3 To dw10
**************************************************
*Transfer by: chinh
*Start process with ID: 79875
*Exporting data to dw3.adstraffic.daily_filled_stats_by_content_category_20130805T22475600000.csv ...
*Verify export count...
*Exported: 28962
*Copy export file to transformer.
*Remove the transfer file on dw3...
*Begin Importing process...
*Copy export file to dw10
*Delete old data on dw10
*Importing dw3.adstraffic.daily_filled_stats_by_content_category_20130805T22475600000.csv ...! Normal mode
*Verify import count...
*Imported: 28962
*Finished!
*Remove the transfer file on dw10...
# 5-8-2013 22:49:7 : Transfer completed!

*****************************************
 Transfer to backup server of dw10 
*****************************************
# Backup To dw0 ######################
# Backup To pentaho.ecepvn.org ######################

**************************************************
 # 5-8-2013 22:49:17 : Transfer adstraffic.daily_olap_filled_by_portal FROM dw3 To dw10
**************************************************
*Transfer by: chinh
*Start process with ID: 79878
*Exporting data to dw3.adstraffic.daily_olap_filled_by_portal_20130805T22491700000.csv ...
*Verify export count...
*Exported: 292310
*Copy export file to transformer.
*Remove the transfer file on dw3...
*Begin Importing process...
*Copy export file to dw10
*Delete old data on dw10
*Importing dw3.adstraffic.daily_olap_filled_by_portal_20130805T22491700000.csv ...! Normal mode
*Verify import count...
*Imported: 292310
*Finished!
*Remove the transfer file on dw10...
# 5-8-2013 22:54:13 : Transfer completed!

*****************************************
 Transfer to backup server of dw10 
*****************************************
# Backup To dw0 ######################
# Backup To pentaho.ecepvn.org ######################

**************************************************
 # 5-8-2013 22:54:23 : Transfer adstraffic.daily_filled_stats_by_dma FROM dw3 To dw10
**************************************************
*Transfer by: chinh
*Start process with ID: 79881
*Exporting data to dw3.adstraffic.daily_filled_stats_by_dma_20130805T22542300000.csv ...
*Verify export count...
*Exported: 277773
*Copy export file to transformer.
*Remove the transfer file on dw3...
*Begin Importing process...
*Copy export file to dw10
*Delete old data on dw10
*Importing dw3.adstraffic.daily_filled_stats_by_dma_20130805T22542300000.csv ...! Normal mode
*Verify import count...
*Imported: 277773
*Finished!
*Remove the transfer file on dw10...
# 5-8-2013 23:2:15 : Transfer completed!

*****************************************
 Transfer to backup server of dw10 
*****************************************
# Backup To dw0 ######################
# Backup To pentaho.ecepvn.org ######################

**************************************************
 # 5-8-2013 23:2:25 : Transfer adstraffic.daily_filled_stats FROM dw3 To dw10
**************************************************
*Transfer by: chinh
*Start process with ID: 79884
*Exporting data to dw3.adstraffic.daily_filled_stats_20130805T23022500000.csv ...
*Verify export count...
*Exported: 9871
*Copy export file to transformer.
*Remove the transfer file on dw3...
*Begin Importing process...
*Copy export file to dw10
*Delete old data on dw10
*Importing dw3.adstraffic.daily_filled_stats_20130805T23022500000.csv ...! Normal mode
*Verify import count...
*Imported: 9871
*Finished!
*Remove the transfer file on dw10...
# 5-8-2013 23:2:41 : Transfer completed!

*****************************************
 Transfer to backup server of dw10 
*****************************************
# Backup To dw0 ######################
# Backup To pentaho.ecepvn.org ######################

**************************************************
 # 5-8-2013 23:2:51 : Transfer adstraffic.daily_adcel_stats FROM dw3 To dw10
**************************************************
*Transfer by: chinh
*Start process with ID: 79887
*Exporting data to dw3.adstraffic.daily_adcel_stats_20130805T23025100000.csv ...
*Verify export count...
*Exported: 1
*Copy export file to transformer.
*Remove the transfer file on dw3...
*Begin Importing process...
*Copy export file to dw10
*Delete old data on dw10
*Importing dw3.adstraffic.daily_adcel_stats_20130805T23025100000.csv ...! Normal mode
*Verify import count...
*Imported: 1
*Finished!
*Remove the transfer file on dw10...
# 5-8-2013 23:2:51 : Transfer completed!

*****************************************
 Transfer to backup server of dw10 
*****************************************
# Backup To dw0 ######################
# Backup To pentaho.ecepvn.org ######################

**************************************************
 # 5-8-2013 23:3:1 : Transfer adstraffic.daily_geo_quality FROM dw3 To dw10
**************************************************
*Transfer by: chinh
*Start process with ID: 79890
*Exporting data to dw3.adstraffic.daily_geo_quality_20130805T23030100000.csv ...
*Verify export count...
*Exported: 2957
*Copy export file to transformer.
*Remove the transfer file on dw3...
*Begin Importing process...
*Copy export file to dw10
*Delete old data on dw10
*Importing dw3.adstraffic.daily_geo_quality_20130805T23030100000.csv ...! Normal mode
*Verify import count...
*Imported: 2957
*Finished!
*Remove the transfer file on dw10...
# 5-8-2013 23:3:8 : Transfer completed!

*****************************************
 Transfer to backup server of dw10 
*****************************************
# Backup To dw0 ######################
# Backup To pentaho.ecepvn.org ######################

**************************************************
 # 5-8-2013 23:3:19 : Transfer adstraffic.daily_unfilled_stats_by_dma FROM dw3 To dw10
**************************************************
*Transfer by: chinh
*Start process with ID: 79893
*Exporting data to dw3.adstraffic.daily_unfilled_stats_by_dma_20130805T23031900000.csv ...
*Verify export count...
*Exported: 133554
*Copy export file to transformer.
*Remove the transfer file on dw3...
*Begin Importing process...
*Copy export file to dw10
*Delete old data on dw10
*Importing dw3.adstraffic.daily_unfilled_stats_by_dma_20130805T23031900000.csv ...! Normal mode
*Verify import count...
*Imported: 133554
*Finished!
*Remove the transfer file on dw10...
# 5-8-2013 23:7:43 : Transfer completed!

*****************************************
 Transfer to backup server of dw10 
*****************************************
# Backup To dw0 ######################
# Backup To pentaho.ecepvn.org ######################

**************************************************
 # 5-8-2013 23:7:53 : Transfer adstraffic.daily_unfilled_stats_by_content_category FROM dw3 To dw10
**************************************************
*Transfer by: chinh
*Start process with ID: 79896
*Exporting data to dw3.adstraffic.daily_unfilled_stats_by_content_category_20130805T23075300000.csv ...
*Verify export count...
*Exported: 8151
*Copy export file to transformer.
*Remove the transfer file on dw3...
*Begin Importing process...
*Copy export file to dw10
*Delete old data on dw10
*Importing dw3.adstraffic.daily_unfilled_stats_by_content_category_20130805T23075300000.csv ...! Normal mode
*Verify import count...
*Imported: 8151
*Finished!
*Remove the transfer file on dw10...
# 5-8-2013 23:8:13 : Transfer completed!

*****************************************
 Transfer to backup server of dw10 
*****************************************
# Backup To dw0 ######################
# Backup To pentaho.ecepvn.org ######################

**************************************************
 # 5-8-2013 23:8:23 : Transfer adstraffic.daily_olap_unfilled_by_portal FROM dw3 To dw10
**************************************************
*Transfer by: chinh
*Start process with ID: 79899
*Exporting data to dw3.adstraffic.daily_olap_unfilled_by_portal_20130805T23082300000.csv ...
*Verify export count...
*Exported: 310866
*Copy export file to transformer.
*Remove the transfer file on dw3...
*Begin Importing process...
*Copy export file to dw10
*Delete old data on dw10
*Importing dw3.adstraffic.daily_olap_unfilled_by_portal_20130805T23082300000.csv ...! Normal mode
*Verify import count...
*Imported: 310866
*Finished!
*Remove the transfer file on dw10...
# 5-8-2013 23:12:37 : Transfer completed!

*****************************************
 Transfer to backup server of dw10 
*****************************************
# Backup To dw0 ######################
# Backup To pentaho.ecepvn.org ######################

**************************************************
 # 5-8-2013 23:12:47 : Transfer adstraffic.daily_unfilled_stats FROM dw3 To dw10
**************************************************
*Transfer by: chinh
*Start process with ID: 79902
*Exporting data to dw3.adstraffic.daily_unfilled_stats_20130805T23124700000.csv ...
*Verify export count...
*Exported: 2769
*Copy export file to transformer.
*Remove the transfer file on dw3...
*Begin Importing process...
*Copy export file to dw10
*Delete old data on dw10
*Importing dw3.adstraffic.daily_unfilled_stats_20130805T23124700000.csv ...! Normal mode
*Verify import count...
*Imported: 2769
*Finished!
*Remove the transfer file on dw10...
# 5-8-2013 23:12:56 : Transfer completed!

*****************************************
 Transfer to backup server of dw10 
*****************************************
# Backup To dw0 ######################
# Backup To pentaho.ecepvn.org ######################

**************************************************
 # 5-8-2013 23:13:7 : Transfer adstraffic.daily_event_stats_by_dma FROM dw3 To dw10
**************************************************
*Transfer by: chinh
*Start process with ID: 79905
*Exporting data to dw3.adstraffic.daily_event_stats_by_dma_20130805T23130600000.csv ...
*Verify export count...
*Exported: 264646
*Copy export file to transformer.
*Remove the transfer file on dw3...
*Begin Importing process...
*Copy export file to dw10
*Delete old data on dw10
*Importing dw3.adstraffic.daily_event_stats_by_dma_20130805T23130600000.csv ...! Normal mode
*Verify import count...
*Imported: 264646
*Finished!
*Remove the transfer file on dw10...
# 5-8-2013 23:17:35 : Transfer completed!

*****************************************
 Transfer to backup server of dw10 
*****************************************
# Backup To dw0 ######################
# Backup To pentaho.ecepvn.org ######################

**************************************************
 # 5-8-2013 23:17:45 : Transfer adstraffic.daily_olap_event_by_portal FROM dw3 To dw10
**************************************************
*Transfer by: chinh
*Start process with ID: 79908
*Exporting data to dw3.adstraffic.daily_olap_event_by_portal_20130805T23174500000.csv ...
*Verify export count...
*Exported: 280977
*Copy export file to transformer.
*Remove the transfer file on dw3...
*Begin Importing process...
*Copy export file to dw10
*Delete old data on dw10
*Importing dw3.adstraffic.daily_olap_event_by_portal_20130805T23174500000.csv ...! Normal mode
*Verify import count...
*Imported: 280977
*Finished!
*Remove the transfer file on dw10...
# 5-8-2013 23:21:6 : Transfer completed!

*****************************************
 Transfer to backup server of dw10 
*****************************************
# Backup To dw0 ######################
# Backup To pentaho.ecepvn.org ######################

**************************************************
 # 5-8-2013 23:21:16 : Transfer adstraffic.daily_event_stats_by_content_category FROM dw3 To dw10
**************************************************
*Transfer by: chinh
*Start process with ID: 79911
*Exporting data to dw3.adstraffic.daily_event_stats_by_content_category_20130805T23211600000.csv ...
*Verify export count...
*Exported: 26911
*Copy export file to transformer.
*Remove the transfer file on dw3...
*Begin Importing process...
*Copy export file to dw10
*Delete old data on dw10
*Importing dw3.adstraffic.daily_event_stats_by_content_category_20130805T23211600000.csv ...! Normal mode
*Verify import count...
*Imported: 26911
*Finished!
*Remove the transfer file on dw10...
# 5-8-2013 23:21:57 : Transfer completed!

*****************************************
 Transfer to backup server of dw10 
*****************************************
# Backup To dw0 ######################
# Backup To pentaho.ecepvn.org ######################

**************************************************
 # 5-8-2013 23:22:7 : Transfer adstraffic.daily_event_stats_by_adnet FROM dw3 To dw10
**************************************************
*Transfer by: chinh
*Start process with ID: 79914
*Exporting data to dw3.adstraffic.daily_event_stats_by_adnet_20130805T23220700000.csv ...
*Verify export count...
*Exported: 9416
*Copy export file to transformer.
*Remove the transfer file on dw3...
*Begin Importing process...
*Copy export file to dw10
*Delete old data on dw10
*Importing dw3.adstraffic.daily_event_stats_by_adnet_20130805T23220700000.csv ...! Normal mode
*Verify import count...
*Imported: 9416
*Finished!
*Remove the transfer file on dw10...
# 5-8-2013 23:22:27 : Transfer completed!

*****************************************
 Transfer to backup server of dw10 
*****************************************
# Backup To dw0 ######################
# Backup To pentaho.ecepvn.org ######################

**************************************************
 # 5-8-2013 23:22:37 : Transfer adstraffic.daily_event_stats FROM dw3 To dw10
**************************************************
*Transfer by: chinh
*Start process with ID: 79917
*Exporting data to dw3.adstraffic.daily_event_stats_20130805T23223700000.csv ...
*Verify export count...
*Exported: 9417
*Copy export file to transformer.
*Remove the transfer file on dw3...
*Begin Importing process...
*Copy export file to dw10
*Delete old data on dw10
*Importing dw3.adstraffic.daily_event_stats_20130805T23223700000.csv ...! Normal mode
*Verify import count...
*Imported: 9417
*Finished!
*Remove the transfer file on dw10...
# 5-8-2013 23:22:53 : Transfer completed!

*****************************************
 Transfer to backup server of dw10 
*****************************************
# Backup To dw0 ######################
# Backup To pentaho.ecepvn.org ######################

**************************************************
 # 5-8-2013 23:23:3 : Transfer adstraffic.daily_ad_serving_stats_by_content_category FROM dw3 To dw10
**************************************************
*Transfer by: chinh
*Start process with ID: 79920
*Exporting data to dw3.adstraffic.daily_ad_serving_stats_by_content_category_20130805T23230300000.csv ...
*Verify export count...
*Exported: 37124
*Copy export file to transformer.
*Remove the transfer file on dw3...
*Begin Importing process...
*Copy export file to dw10
*Delete old data on dw10
*Importing dw3.adstraffic.daily_ad_serving_stats_by_content_category_20130805T23230300000.csv ...! Normal mode
*Verify import count...
*Imported: 37124
*Finished!
*Remove the transfer file on dw10...
# 5-8-2013 23:25:13 : Transfer completed!

*****************************************
 Transfer to backup server of dw10 
*****************************************
# Backup To dw0 ######################
# Backup To pentaho.ecepvn.org ######################

**************************************************
 # 5-8-2013 23:25:23 : Transfer adstraffic.daily_ad_serving_stats FROM dw3 To dw10
**************************************************
*Transfer by: chinh
*Start process with ID: 79923
*Exporting data to dw3.adstraffic.daily_ad_serving_stats_20130805T23252300000.csv ...
*Verify export count...
*Exported: 11166
*Copy export file to transformer.
*Remove the transfer file on dw3...
*Begin Importing process...
*Copy export file to dw10
*Delete old data on dw10
*Importing dw3.adstraffic.daily_ad_serving_stats_20130805T23252300000.csv ...! Normal mode
*Verify import count...
*Imported: 11166
*Finished!
*Remove the transfer file on dw10...
# 5-8-2013 23:25:58 : Transfer completed!

*****************************************
 Transfer to backup server of dw10 
*****************************************
# Backup To dw0 ######################
# Backup To pentaho.ecepvn.org ######################

**************************************************
 # 5-8-2013 23:26:8 : Transfer evttracker.daily_event_download FROM dw3 To dw10
**************************************************
*Transfer by: chinh
*Start process with ID: 79926
*Exporting data to dw3.evttracker.daily_event_download_20130805T23260800000.csv ...
*Verify export count...
*Exported: 0
*Copy export file to transformer.
*Remove the transfer file on dw3...
*Begin Importing process...
*Copy export file to dw10
*Delete old data on dw10
*Importing dw3.evttracker.daily_event_download_20130805T23260800000.csv ...! Normal mode
*Verify import count...
*Imported: 0
*Finished!
*Remove the transfer file on dw10...
# 5-8-2013 23:26:9 : Transfer completed!

*****************************************
 Transfer to backup server of dw10 
*****************************************
# Backup To dw0 ######################
# Backup To pentaho.ecepvn.org ######################

**************************************************
 # 5-8-2013 23:26:19 : Transfer evttracker.daily_event_location_by_distance FROM dw3 To dw10
**************************************************
*Transfer by: chinh
*Start process with ID: 79929
*Exporting data to dw3.evttracker.daily_event_location_by_distance_20130805T23261900000.csv ...
*Verify export count...
*Exported: 133822
*Copy export file to transformer.
*Remove the transfer file on dw3...
*Begin Importing process...
*Copy export file to dw10
*Delete old data on dw10
*Importing dw3.evttracker.daily_event_location_by_distance_20130805T23261900000.csv ...! Normal mode
*Verify import count...
*Imported: 133822
*Finished!
*Remove the transfer file on dw10...
# 5-8-2013 23:28:4 : Transfer completed!

*****************************************
 Transfer to backup server of dw10 
*****************************************
# Backup To dw0 ######################
# Backup To pentaho.ecepvn.org ######################

**************************************************
 # 5-8-2013 23:28:14 : Transfer evttracker.daily_event_by_distance FROM dw3 To dw10
**************************************************
*Transfer by: chinh
*Start process with ID: 79932
*Exporting data to dw3.evttracker.daily_event_by_distance_20130805T23281400000.csv ...
*Verify export count...
*Exported: 1292
*Copy export file to transformer.
*Remove the transfer file on dw3...
*Begin Importing process...
*Copy export file to dw10
*Delete old data on dw10
*Importing dw3.evttracker.daily_event_by_distance_20130805T23281400000.csv ...! Normal mode
*Verify import count...
*Imported: 1292
*Finished!
*Remove the transfer file on dw10...
# 5-8-2013 23:28:20 : Transfer completed!

*****************************************
 Transfer to backup server of dw10 
*****************************************
# Backup To dw0 ######################
# Backup To pentaho.ecepvn.org ######################

**************************************************
 # 5-8-2013 23:28:30 : Transfer evttracker.daily_event_maps_olap_min FROM dw3 To dw10
**************************************************
*Transfer by: chinh
*Start process with ID: 79935
*Exporting data to dw3.evttracker.daily_event_maps_olap_min_20130805T23283000000.csv ...
*Verify export count...
*Exported: 4923
*Copy export file to transformer.
*Remove the transfer file on dw3...
*Begin Importing process...
*Copy export file to dw10
*Delete old data on dw10
*Importing dw3.evttracker.daily_event_maps_olap_min_20130805T23283000000.csv ...! Normal mode
*Verify import count...
*Imported: 4923
*Finished!
*Remove the transfer file on dw10...
# 5-8-2013 23:28:36 : Transfer completed!

*****************************************
 Transfer to backup server of dw10 
*****************************************
# Backup To dw0 ######################
# Backup To pentaho.ecepvn.org ######################

**************************************************
 # 5-8-2013 23:28:46 : Transfer evttracker.daily_event_maps_olap FROM dw3 To dw10
**************************************************
*Transfer by: chinh
*Start process with ID: 79937
*Exporting data to dw3.evttracker.daily_event_maps_olap_20130805T23284600000.csv ...
*Verify export count...
*Exported: 980438
*Copy export file to transformer.
*Remove the transfer file on dw3...
*Begin Importing process...
*Copy export file to dw10
*Delete old data on dw10
*Importing dw3.evttracker.daily_event_maps_olap_20130805T23284600000.csv ...! Normal mode
*Verify import count...
*Imported: 980438
*Finished!
*Remove the transfer file on dw10...
# 6-8-2013 1:50:50 : Transfer completed!

*****************************************
 Transfer to backup server of dw10 
*****************************************
# Backup To dw0 ######################
# Backup To pentaho.ecepvn.org ######################

**************************************************
 # 6-8-2013 1:51:1 : Transfer evttracker.daily_event_dma FROM dw3 To dw10
**************************************************
*Transfer by: chinh
*Start process with ID: 79953
*Exporting data to dw3.evttracker.daily_event_dma_20130806T01510100000.csv ...
*Verify export count...
*Exported: 69673
*Copy export file to transformer.
*Remove the transfer file on dw3...
*Begin Importing process...
*Copy export file to dw10
*Delete old data on dw10
*Importing dw3.evttracker.daily_event_dma_20130806T01510100000.csv ...! Normal mode
*Verify import count...
*Imported: 69673
*Finished!
*Remove the transfer file on dw10...
# 6-8-2013 1:51:41 : Transfer completed!

*****************************************
 Transfer to backup server of dw10 
*****************************************
# Backup To dw0 ######################
# Backup To pentaho.ecepvn.org ######################

**************************************************
 # 6-8-2013 1:51:51 : Transfer evttracker.daily_event_dma_by_hour FROM dw3 To dw10
**************************************************
*Transfer by: chinh
*Start process with ID: 79956
*Exporting data to dw3.evttracker.daily_event_dma_by_hour_20130806T01515100000.csv ...
*Verify export count...
*Exported: 390651
*Copy export file to transformer.
*Remove the transfer file on dw3...
*Begin Importing process...
*Copy export file to dw10
*Delete old data on dw10
*Importing dw3.evttracker.daily_event_dma_by_hour_20130806T01515100000.csv ...! Normal mode
*Verify import count...
*Imported: 390651
*Finished!
*Remove the transfer file on dw10...
# 6-8-2013 1:53:46 : Transfer completed!

*****************************************
 Transfer to backup server of dw10 
*****************************************
# Backup To dw0 ######################
# Backup To pentaho.ecepvn.org ######################

**************************************************
 # 6-8-2013 1:53:56 : Transfer evttracker.daily_event_adcel_stats FROM dw3 To dw10
**************************************************
*Transfer by: chinh
*Start process with ID: 79959
*Exporting data to dw3.evttracker.daily_event_adcel_stats_20130806T01535600000.csv ...
*Verify export count...
*Exported: 13199
*Copy export file to transformer.
*Remove the transfer file on dw3...
*Begin Importing process...
*Copy export file to dw10
*Delete old data on dw10
*Importing dw3.evttracker.daily_event_adcel_stats_20130806T01535600000.csv ...! Normal mode
*Verify import count...
*Imported: 13199
*Finished!
*Remove the transfer file on dw10...
# 6-8-2013 1:54:12 : Transfer completed!

*****************************************
 Transfer to backup server of dw10 
*****************************************
# Backup To dw0 ######################
# Backup To pentaho.ecepvn.org ######################

**************************************************
 # 6-8-2013 1:54:22 : Transfer evttracker.daily_event_stats FROM dw3 To dw10
**************************************************
*Transfer by: chinh
*Start process with ID: 79962
*Exporting data to dw3.evttracker.daily_event_stats_20130806T01542200000.csv ...
*Verify export count...
*Exported: 9657
*Copy export file to transformer.
*Remove the transfer file on dw3...
*Begin Importing process...
*Copy export file to dw10
*Delete old data on dw10
*Importing dw3.evttracker.daily_event_stats_20130806T01542200000.csv ...! Normal mode
*Verify import count...
*Imported: 9657
*Finished!
*Remove the transfer file on dw10...
# 6-8-2013 1:54:35 : Transfer completed!

*****************************************
 Transfer to backup server of dw10 
*****************************************
# Backup To dw0 ######################
# Backup To pentaho.ecepvn.org ######################

**************************************************
 # 6-8-2013 1:54:45 : Transfer evttracker.daily_event_x_value_by_hour FROM dw3 To dw10
**************************************************
*Transfer by: chinh
*Start process with ID: 79965
*Exporting data to dw3.evttracker.daily_event_x_value_by_hour_20130806T01544500000.csv ...
*Verify export count...
*Exported: 397076
*Copy export file to transformer.
*Remove the transfer file on dw3...
*Begin Importing process...
*Copy export file to dw10
*Delete old data on dw10
*Importing dw3.evttracker.daily_event_x_value_by_hour_20130806T01544500000.csv ...! Normal mode
*Verify import count...
*Imported: 397076
*Finished!
*Remove the transfer file on dw10...
# 6-8-2013 2:1:35 : Transfer completed!

*****************************************
 Transfer to backup server of dw10 
*****************************************
# Backup To dw0 ######################
# Backup To pentaho.ecepvn.org ######################

**************************************************
 # 6-8-2013 2:1:46 : Transfer evttracker.daily_event_x_value_report FROM dw3 To dw10
**************************************************
*Transfer by: chinh
*Start process with ID: 79985
*Exporting data to dw3.evttracker.daily_event_x_value_report_20130806T02014600000.csv ...
*Verify export count...
*Exported: 379170
*Copy export file to transformer.
*Remove the transfer file on dw3...
*Begin Importing process...
*Copy export file to dw10
*Delete old data on dw10
*Importing dw3.evttracker.daily_event_x_value_report_20130806T02014600000.csv ...! Normal mode
*Verify import count...
*Imported: 379170
*Finished!
*Remove the transfer file on dw10...
# 6-8-2013 2:4:58 : Transfer completed!

*****************************************
 Transfer to backup server of dw10 
*****************************************
# Backup To dw0 ######################
# Backup To pentaho.ecepvn.org ######################

**************************************************
 # 6-8-2013 2:5:8 : Transfer evttracker.daily_event_stats_by_hour FROM dw3 To dw10
**************************************************
*Transfer by: chinh
*Start process with ID: 79989
*Exporting data to dw3.evttracker.daily_event_stats_by_hour_20130806T02050800000.csv ...
*Verify export count...
*Exported: 135097
*Copy export file to transformer.
*Remove the transfer file on dw3...
*Begin Importing process...
*Copy export file to dw10
*Delete old data on dw10
*Importing dw3.evttracker.daily_event_stats_by_hour_20130806T02050800000.csv ...! Normal mode
*Verify import count...
*Imported: 135097
*Finished!
*Remove the transfer file on dw10...
# 6-8-2013 2:5:27 : Transfer completed!

*****************************************
 Transfer to backup server of dw10 
*****************************************
# Backup To dw0 ######################
# Backup To pentaho.ecepvn.org ######################

**************************************************
 # 6-8-2013 2:5:38 : Transfer evttracker.daily_event_stats_adnet FROM dw3 To dw10
**************************************************
*Transfer by: chinh
*Start process with ID: 79992
*Exporting data to dw3.evttracker.daily_event_stats_adnet_20130806T02053800000.csv ...
*Verify export count...
*Exported: 9674
*Copy export file to transformer.
*Remove the transfer file on dw3...
*Begin Importing process...
*Copy export file to dw10
*Delete old data on dw10
*Importing dw3.evttracker.daily_event_stats_adnet_20130806T02053800000.csv ...! Normal mode
*Verify import count...
*Imported: 9674
*Finished!
*Remove the transfer file on dw10...
# 6-8-2013 2:5:40 : Transfer completed!

*****************************************
 Transfer to backup server of dw10 
*****************************************
# Backup To dw0 ######################
# Backup To pentaho.ecepvn.org ######################

**************************************************
 # 6-8-2013 2:5:50 : Transfer evttracker.daily_event_x_value FROM dw3 To dw10
**************************************************
*Transfer by: chinh
*Start process with ID: 79995
*Exporting data to dw3.evttracker.daily_event_x_value_20130806T02055000000.csv ...
*Verify export count...
*Exported: 145157
*Copy export file to transformer.
*Remove the transfer file on dw3...
*Begin Importing process...
*Copy export file to dw10
*Delete old data on dw10
*Importing dw3.evttracker.daily_event_x_value_20130806T02055000000.csv ...! Normal mode
*Verify import count...
*Imported: 145157
*Finished!
*Remove the transfer file on dw10...
# 6-8-2013 2:6:39 : Transfer completed!

*****************************************
 Transfer to backup server of dw10 
*****************************************
# Backup To dw0 ######################
# Backup To pentaho.ecepvn.org ######################
