*Init the autoscript...
Aggregate process run on: localhost
*Get report date...
Today date: 2014-02-17
Today date sk: 3335
Report date: 2014-02-16
Report date sk: 3334
Report date roll back 7 day: 2014-02-10
Report date roll back 7 day sk: 3328
*Registe to ETL process page...
*Check file loading...
Data file config id: 11
Total file: 20
Loaded files: 7
Loaded filesok: 7
Loaded fail: 0
Waiting: 13
Recheck after 60s!
*Check file loading...
Data file config id: 11
Total file: 20
Loaded files: 8
Loaded filesok: 8
Loaded fail: 0
Waiting: 12
Recheck after 60s!
*Check file loading...
Data file config id: 11
Total file: 20
Loaded files: 8
Loaded filesok: 8
Loaded fail: 0
Waiting: 12
Recheck after 60s!
*Check file loading...
Data file config id: 11
Total file: 20
Loaded files: 8
Loaded filesok: 8
Loaded fail: 0
Waiting: 12
Recheck after 60s!
*Check file loading...
Data file config id: 11
Total file: 20
Loaded files: 8
Loaded filesok: 8
Loaded fail: 0
Waiting: 12
Recheck after 60s!
*Check file loading...
Data file config id: 11
Total file: 20
Loaded files: 8
Loaded filesok: 8
Loaded fail: 0
Waiting: 12
Recheck after 60s!
*Check file loading...
Data file config id: 11
Total file: 20
Loaded files: 8
Loaded filesok: 8
Loaded fail: 0
Waiting: 12
Recheck after 60s!
*Check file loading...
Data file config id: 11
Total file: 20
Loaded files: 9
Loaded filesok: 9
Loaded fail: 0
Waiting: 11
Recheck after 60s!
*Check file loading...
Data file config id: 11
Total file: 20
Loaded files: 9
Loaded filesok: 9
Loaded fail: 0
Waiting: 11
Recheck after 60s!
*Check file loading...
Data file config id: 11
Total file: 20
Loaded files: 9
Loaded filesok: 9
Loaded fail: 0
Waiting: 11
Recheck after 60s!
*Check file loading...
Data file config id: 11
Total file: 20
Loaded files: 9
Loaded filesok: 9
Loaded fail: 0
Waiting: 11
Recheck after 60s!
*Check file loading...
Data file config id: 11
Total file: 20
Loaded files: 9
Loaded filesok: 9
Loaded fail: 0
Waiting: 11
Recheck after 60s!
*Check file loading...
Data file config id: 11
Total file: 20
Loaded files: 9
Loaded filesok: 9
Loaded fail: 0
Waiting: 11
Recheck after 60s!
*Check file loading...
Data file config id: 11
Total file: 20
Loaded files: 9
Loaded filesok: 9
Loaded fail: 0
Waiting: 11
Recheck after 60s!
*Check file loading...
Data file config id: 11
Total file: 20
Loaded files: 10
Loaded filesok: 10
Loaded fail: 0
Waiting: 10
Recheck after 60s!
*Check file loading...
Data file config id: 11
Total file: 20
Loaded files: 10
Loaded filesok: 10
Loaded fail: 0
Waiting: 10
Recheck after 60s!
*Check file loading...
Data file config id: 11
Total file: 20
Loaded files: 10
Loaded filesok: 10
Loaded fail: 0
Waiting: 10
Recheck after 60s!
*Check file loading...
Data file config id: 11
Total file: 20
Loaded files: 10
Loaded filesok: 10
Loaded fail: 0
Waiting: 10
Recheck after 60s!
*Check file loading...
Data file config id: 11
Total file: 20
Loaded files: 10
Loaded filesok: 10
Loaded fail: 0
Waiting: 10
Recheck after 60s!
*Check file loading...
Data file config id: 11
Total file: 20
Loaded files: 11
Loaded filesok: 11
Loaded fail: 0
Waiting: 9
Recheck after 60s!
*Check file loading...
Data file config id: 11
Total file: 20
Loaded files: 11
Loaded filesok: 11
Loaded fail: 0
Waiting: 9
Recheck after 60s!
*Check file loading...
Data file config id: 11
Total file: 20
Loaded files: 11
Loaded filesok: 11
Loaded fail: 0
Waiting: 9
Recheck after 60s!
*Check file loading...
Data file config id: 11
Total file: 20
Loaded files: 11
Loaded filesok: 11
Loaded fail: 0
Waiting: 9
Recheck after 60s!
*Check file loading...
Data file config id: 11
Total file: 20
Loaded files: 11
Loaded filesok: 11
Loaded fail: 0
Waiting: 9
Recheck after 60s!
*Check file loading...
Data file config id: 11
Total file: 20
Loaded files: 11
Loaded filesok: 11
Loaded fail: 0
Waiting: 9
Recheck after 60s!
*Check file loading...
Data file config id: 11
Total file: 20
Loaded files: 12
Loaded filesok: 12
Loaded fail: 0
Waiting: 8
Recheck after 60s!
*Check file loading...
Data file config id: 11
Total file: 20
Loaded files: 12
Loaded filesok: 12
Loaded fail: 0
Waiting: 8
Recheck after 60s!
*Check file loading...
Data file config id: 11
Total file: 20
Loaded files: 12
Loaded filesok: 12
Loaded fail: 0
Waiting: 8
Recheck after 60s!
*Check file loading...
Data file config id: 11
Total file: 20
Loaded files: 12
Loaded filesok: 12
Loaded fail: 0
Waiting: 8
Recheck after 60s!
*Check file loading...
Data file config id: 11
Total file: 20
Loaded files: 12
Loaded filesok: 12
Loaded fail: 0
Waiting: 8
Recheck after 60s!
*Check file loading...
Data file config id: 11
Total file: 20
Loaded files: 12
Loaded filesok: 12
Loaded fail: 0
Waiting: 8
Recheck after 60s!
*Check file loading...
Data file config id: 11
Total file: 20
Loaded files: 12
Loaded filesok: 12
Loaded fail: 0
Waiting: 8
Recheck after 60s!
*Check file loading...
Data file config id: 11
Total file: 20
Loaded files: 13
Loaded filesok: 13
Loaded fail: 0
Waiting: 7
Recheck after 60s!
*Check file loading...
Data file config id: 11
Total file: 20
Loaded files: 13
Loaded filesok: 13
Loaded fail: 0
Waiting: 7
Recheck after 60s!
*Check file loading...
Data file config id: 11
Total file: 20
Loaded files: 13
Loaded filesok: 13
Loaded fail: 0
Waiting: 7
Recheck after 60s!
*Check file loading...
Data file config id: 11
Total file: 20
Loaded files: 13
Loaded filesok: 13
Loaded fail: 0
Waiting: 7
Recheck after 60s!
*Check file loading...
Data file config id: 11
Total file: 20
Loaded files: 13
Loaded filesok: 13
Loaded fail: 0
Waiting: 7
Recheck after 60s!
*Check file loading...
Data file config id: 11
Total file: 20
Loaded files: 14
Loaded filesok: 14
Loaded fail: 0
Waiting: 6
Recheck after 60s!
*Check file loading...
Data file config id: 11
Total file: 20
Loaded files: 14
Loaded filesok: 14
Loaded fail: 0
Waiting: 6
Recheck after 60s!
*Check file loading...
Data file config id: 11
Total file: 20
Loaded files: 14
Loaded filesok: 14
Loaded fail: 0
Waiting: 6
Recheck after 60s!
*Check file loading...
Data file config id: 11
Total file: 20
Loaded files: 14
Loaded filesok: 14
Loaded fail: 0
Waiting: 6
Recheck after 60s!
*Check file loading...
Data file config id: 11
Total file: 20
Loaded files: 14
Loaded filesok: 14
Loaded fail: 0
Waiting: 6
Recheck after 60s!
*Check file loading...
Data file config id: 11
Total file: 20
Loaded files: 15
Loaded filesok: 15
Loaded fail: 0
Waiting: 5
Recheck after 60s!
*Check file loading...
Data file config id: 11
Total file: 20
Loaded files: 15
Loaded filesok: 15
Loaded fail: 0
Waiting: 5
Recheck after 60s!
*Check file loading...
Data file config id: 11
Total file: 20
Loaded files: 15
Loaded filesok: 15
Loaded fail: 0
Waiting: 5
Recheck after 60s!
*Check file loading...
Data file config id: 11
Total file: 20
Loaded files: 15
Loaded filesok: 15
Loaded fail: 0
Waiting: 5
Recheck after 60s!
*Check file loading...
Data file config id: 11
Total file: 20
Loaded files: 16
Loaded filesok: 16
Loaded fail: 0
Waiting: 4
Recheck after 60s!
*Check file loading...
Data file config id: 11
Total file: 20
Loaded files: 16
Loaded filesok: 16
Loaded fail: 0
Waiting: 4
Recheck after 60s!
*Check file loading...
Data file config id: 11
Total file: 20
Loaded files: 16
Loaded filesok: 16
Loaded fail: 0
Waiting: 4
Recheck after 60s!
*Check file loading...
Data file config id: 11
Total file: 20
Loaded files: 16
Loaded filesok: 16
Loaded fail: 0
Waiting: 4
Recheck after 60s!
*Check file loading...
Data file config id: 11
Total file: 20
Loaded files: 17
Loaded filesok: 17
Loaded fail: 0
Waiting: 3
Recheck after 60s!
*Check file loading...
Data file config id: 11
Total file: 20
Loaded files: 17
Loaded filesok: 17
Loaded fail: 0
Waiting: 3
Recheck after 60s!
*Check file loading...
Data file config id: 11
Total file: 20
Loaded files: 17
Loaded filesok: 17
Loaded fail: 0
Waiting: 3
Recheck after 60s!
*Check file loading...
Data file config id: 11
Total file: 20
Loaded files: 17
Loaded filesok: 17
Loaded fail: 0
Waiting: 3
Recheck after 60s!
*Check file loading...
Data file config id: 11
Total file: 20
Loaded files: 18
Loaded filesok: 18
Loaded fail: 0
Waiting: 2
Recheck after 60s!
*Check file loading...
Data file config id: 11
Total file: 20
Loaded files: 18
Loaded filesok: 18
Loaded fail: 0
Waiting: 2
Recheck after 60s!
*Check file loading...
Data file config id: 11
Total file: 20
Loaded files: 18
Loaded filesok: 18
Loaded fail: 0
Waiting: 2
Recheck after 60s!
*Check file loading...
Data file config id: 11
Total file: 20
Loaded files: 18
Loaded filesok: 18
Loaded fail: 0
Waiting: 2
Recheck after 60s!
*Check file loading...
Data file config id: 11
Total file: 20
Loaded files: 19
Loaded filesok: 19
Loaded fail: 0
Waiting: 1
Recheck after 60s!
*Check file loading...
Data file config id: 11
Total file: 20
Loaded files: 19
Loaded filesok: 19
Loaded fail: 0
Waiting: 1
Recheck after 60s!
*Check file loading...
Data file config id: 11
Total file: 20
Loaded files: 19
Loaded filesok: 19
Loaded fail: 0
Waiting: 1
Recheck after 60s!
*Check file loading...
Data file config id: 11
Total file: 20
Loaded files: 19
Loaded filesok: 19
Loaded fail: 0
Waiting: 1
Recheck after 60s!
*Check file loading...
Data file config id: 11
Total file: 20
17-2-2014 2:10:32 # Loading file completed!
Process param 6 has been runing with ID 5395
*Check Param 6 run in 2014-02-17 
Process id: 5395
Total Trans: 4
Total Trans Completed: 0
*Check Param 6 run in 2014-02-17 
Process id: 5395
Total Trans: 4
Total Trans Completed: 0
*Check Param 6 run in 2014-02-17 
Process id: 5395
Total Trans: 4
Total Trans Completed: 0
*Check Param 6 run in 2014-02-17 
Process id: 5395
Total Trans: 4
Total Trans Completed: 0
*Check Param 6 run in 2014-02-17 
Process id: 5395
Total Trans: 4
Total Trans Completed: 0
*Check Param 6 run in 2014-02-17 
Process id: 5395
Total Trans: 4
Total Trans Completed: 0
*Check Param 6 run in 2014-02-17 
Process id: 5395
Total Trans: 4
Total Trans Completed: 0
*Check Param 6 run in 2014-02-17 
Process id: 5395
Total Trans: 4
Total Trans Completed: 0
*Check Param 6 run in 2014-02-17 
Process id: 5395
Total Trans: 4
Total Trans Completed: 0
*Check Param 6 run in 2014-02-17 
Process id: 5395
Total Trans: 4
Total Trans Completed: 0
*Check Param 6 run in 2014-02-17 
Process id: 5395
Total Trans: 4
Total Trans Completed: 0
*Check Param 6 run in 2014-02-17 
Process id: 5395
Total Trans: 4
Total Trans Completed: 0
*Check Param 6 run in 2014-02-17 
Process id: 5395
Total Trans: 4
Total Trans Completed: 0
*Check Param 6 run in 2014-02-17 
Process id: 5395
Total Trans: 4
Total Trans Completed: 0
*Check Param 6 run in 2014-02-17 
Process id: 5395
Total Trans: 4
Total Trans Completed: 0
*Check Param 6 run in 2014-02-17 
Process id: 5395
Total Trans: 4
Total Trans Completed: 0
*Check Param 6 run in 2014-02-17 
Process id: 5395
Total Trans: 4
Total Trans Completed: 0
*Check Param 6 run in 2014-02-17 
Process id: 5395
Total Trans: 4
Total Trans Completed: 0
*Check Param 6 run in 2014-02-17 
Process id: 5395
Total Trans: 4
Total Trans Completed: 0
*Check Param 6 run in 2014-02-17 
Process id: 5395
Total Trans: 4
Total Trans Completed: 0
*Check Param 6 run in 2014-02-17 
Process id: 5395
Total Trans: 4
Total Trans Completed: 1
*Check Param 6 run in 2014-02-17 
Process id: 5395
Total Trans: 4
Total Trans Completed: 1
*Check Param 6 run in 2014-02-17 
Process id: 5395
Total Trans: 4
Total Trans Completed: 1
*Check Param 6 run in 2014-02-17 
Process id: 5395
Total Trans: 4
Total Trans Completed: 1
*Check Param 6 run in 2014-02-17 
Process id: 5395
Total Trans: 4
Total Trans Completed: 1
*Check Param 6 run in 2014-02-17 
Process id: 5395
Total Trans: 4
Total Trans Completed: 1
*Check Param 6 run in 2014-02-17 
Process id: 5395
Total Trans: 4
Total Trans Completed: 1
*Check Param 6 run in 2014-02-17 
Process id: 5395
Total Trans: 4
Total Trans Completed: 1
*Check Param 6 run in 2014-02-17 
Process id: 5395
Total Trans: 4
Total Trans Completed: 3
*Check Param 6 run in 2014-02-17 
Process id: 5395
Total Trans: 4
Total Trans Completed: 4
17-2-2014 2:41:38 # Process completed!
*Promote parameter: 6
Call function: staging.fn_promote_daily_requests_report()
17-2-2014 2:45:0 # Completed!
*Check to call Geo script...
Start Geo!
Process param 7 has been runing with ID 5396
*Check Param 7 run in 2014-02-17 
Process id: 5396
Total Trans: 2
Total Trans Completed: 0
*Check Param 7 run in 2014-02-17 
Process id: 5396
Total Trans: 2
Total Trans Completed: 0
*Check Param 7 run in 2014-02-17 
Process id: 5396
Total Trans: 2
Total Trans Completed: 1
*Check Param 7 run in 2014-02-17 
Process id: 5396
Total Trans: 2
Total Trans Completed: 1
*Check Param 7 run in 2014-02-17 
Process id: 5396
Total Trans: 2
Total Trans Completed: 1
*Check Param 7 run in 2014-02-17 
Process id: 5396
Total Trans: 2
Total Trans Completed: 1
*Check Param 7 run in 2014-02-17 
Process id: 5396
Total Trans: 2
Total Trans Completed: 1
*Check Param 7 run in 2014-02-17 
Process id: 5396
Total Trans: 2
Total Trans Completed: 1
*Check Param 7 run in 2014-02-17 
Process id: 5396
Total Trans: 2
Total Trans Completed: 1
*Check Param 7 run in 2014-02-17 
Process id: 5396
Total Trans: 2
Total Trans Completed: 2
17-2-2014 2:54:44 # Process completed!
*Promote parameter: 7
Call function: staging.fn_promote_daily_geo_report()
17-2-2014 2:54:48 # Completed!
Process param 8 has been runing with ID 5397
*Check Param 8 run in 2014-02-17 
Process id: 5397
Total Trans: 4
Total Trans Completed: 0
*Check Param 8 run in 2014-02-17 
Process id: 5397
Total Trans: 4
Total Trans Completed: 1
*Check Param 8 run in 2014-02-17 
Process id: 5397
Total Trans: 4
Total Trans Completed: 1
*Check Param 8 run in 2014-02-17 
Process id: 5397
Total Trans: 4
Total Trans Completed: 1
*Check Param 8 run in 2014-02-17 
Process id: 5397
Total Trans: 4
Total Trans Completed: 1
*Check Param 8 run in 2014-02-17 
Process id: 5397
Total Trans: 4
Total Trans Completed: 1
*Check Param 8 run in 2014-02-17 
Process id: 5397
Total Trans: 4
Total Trans Completed: 3
*Check Param 8 run in 2014-02-17 
Process id: 5397
Total Trans: 4
Total Trans Completed: 3
*Check Param 8 run in 2014-02-17 
Process id: 5397
Total Trans: 4
Total Trans Completed: 4
17-2-2014 3:3:26 # Process completed!
*Promote parameter: 8
Call function: staging.fn_promote_daily_copy_ad_responses()
17-2-2014 3:3:33 # Completed!
