*Init the autoscript...
Aggregate process run on: localhost
*Get report date...
Today date: 2014-02-17
Today date sk: 3335
Report date: 2014-02-16
Report date sk: 3334
Report date roll back 7 day: 2014-02-10
Report date roll back 7 day sk: 3328
*Daily Event Display Impression Process
*Registe to ETL process page...
*Check file loading...
Data file config id: 5
Total file: 0
Loaded files: 0
Loaded filesok: 0
Loaded fail: 1
Waiting: 1
Recheck after 60s!
*Check file loading...
Data file config id: 5
Total file: 0
Loaded files: 0
Loaded filesok: 0
Loaded fail: 1
Waiting: 1
Recheck after 60s!
*Check file loading...
Data file config id: 5
Total file: 0
Loaded files: 0
Loaded filesok: 0
Loaded fail: 1
Waiting: 1
Recheck after 60s!
*Check file loading...
Data file config id: 5
Total file: 0
Loaded files: 0
Loaded filesok: 0
Loaded fail: 1
Waiting: 1
Recheck after 60s!
*Check file loading...
Data file config id: 5
Total file: 0
Loaded files: 0
Loaded filesok: 0
Loaded fail: 1
Waiting: 1
Recheck after 60s!
*Check file loading...
Data file config id: 5
Total file: 0
Loaded files: 0
Loaded filesok: 0
Loaded fail: 1
Waiting: 1
Recheck after 60s!
*Check file loading...
Data file config id: 5
Total file: 0
Loaded files: 0
Loaded filesok: 0
Loaded fail: 1
Waiting: 1
Recheck after 60s!
*Check file loading...
Data file config id: 5
Total file: 0
Loaded files: 0
Loaded filesok: 0
Loaded fail: 1
Waiting: 1
Recheck after 60s!
*Check file loading...
Data file config id: 5
Total file: 0
Loaded files: 0
Loaded filesok: 0
Loaded fail: 1
Waiting: 1
Recheck after 60s!
*Check file loading...
Data file config id: 5
Total file: 0
Loaded files: 0
Loaded filesok: 0
Loaded fail: 1
Waiting: 1
Recheck after 60s!
*Check file loading...
Data file config id: 5
Total file: 0
Loaded files: 0
Loaded filesok: 0
Loaded fail: 1
Waiting: 1
Recheck after 60s!
*Check file loading...
Data file config id: 5
Total file: 0
Loaded files: 0
Loaded filesok: 0
Loaded fail: 1
Waiting: 1
Recheck after 60s!
*Check file loading...
Data file config id: 5
Total file: 0
Loaded files: 0
Loaded filesok: 0
Loaded fail: 1
Waiting: 1
Recheck after 60s!
*Check file loading...
Data file config id: 5
Total file: 0
Loaded files: 0
Loaded filesok: 0
Loaded fail: 1
Waiting: 1
Recheck after 60s!
*Check file loading...
Data file config id: 5
Total file: 0
Loaded files: 0
Loaded filesok: 0
Loaded fail: 1
Waiting: 1
Recheck after 60s!
*Check file loading...
Data file config id: 5
Total file: 0
Loaded files: 0
Loaded filesok: 0
Loaded fail: 1
Waiting: 1
Recheck after 60s!
*Check file loading...
Data file config id: 5
Total file: 0
Loaded files: 0
Loaded filesok: 0
Loaded fail: 1
Waiting: 1
Recheck after 60s!
*Check file loading...
Data file config id: 5
Total file: 0
Loaded files: 0
Loaded filesok: 0
Loaded fail: 1
Waiting: 1
Recheck after 60s!
*Check file loading...
Data file config id: 5
Total file: 0
Loaded files: 0
Loaded filesok: 0
Loaded fail: 1
Waiting: 1
Recheck after 60s!
*Check file loading...
Data file config id: 5
Total file: 0
Loaded files: 0
Loaded filesok: 0
Loaded fail: 1
Waiting: 1
Recheck after 60s!
*Check file loading...
Data file config id: 5
Total file: 0
Loaded files: 0
Loaded filesok: 0
Loaded fail: 1
Waiting: 1
Recheck after 60s!
*Check file loading...
Data file config id: 5
Total file: 0
Loaded files: 0
Loaded filesok: 0
Loaded fail: 1
Waiting: 1
Recheck after 60s!
*Check file loading...
Data file config id: 5
Total file: 0
Loaded files: 0
Loaded filesok: 0
Loaded fail: 1
Waiting: 1
Recheck after 60s!
*Check file loading...
Data file config id: 5
Total file: 0
Loaded files: 0
Loaded filesok: 0
Loaded fail: 1
Waiting: 1
Recheck after 60s!
*Check file loading...
Data file config id: 5
Total file: 0
Loaded files: 0
Loaded filesok: 0
Loaded fail: 1
Waiting: 1
Recheck after 60s!
*Check file loading...
Data file config id: 5
Total file: 0
Loaded files: 0
Loaded filesok: 0
Loaded fail: 1
Waiting: 1
Recheck after 60s!
*Check file loading...
Data file config id: 5
Total file: 0
Loaded files: 0
Loaded filesok: 0
Loaded fail: 1
Waiting: 1
Recheck after 60s!
*Check file loading...
Data file config id: 5
Total file: 0
Loaded files: 0
Loaded filesok: 0
Loaded fail: 1
Waiting: 1
Recheck after 60s!
*Check file loading...
Data file config id: 5
Total file: 0
Loaded files: 0
Loaded filesok: 0
Loaded fail: 1
Waiting: 1
Recheck after 60s!
*Check file loading...
Data file config id: 5
Total file: 0
Loaded files: 0
Loaded filesok: 0
Loaded fail: 1
Waiting: 1
Recheck after 60s!
*Check file loading...
Data file config id: 5
Total file: 0
Loaded files: 0
Loaded filesok: 0
Loaded fail: 1
Waiting: 1
Recheck after 60s!
*Check file loading...
Data file config id: 5
Total file: 0
Loaded files: 0
Loaded filesok: 0
Loaded fail: 1
Waiting: 1
Recheck after 60s!
*Check file loading...
Data file config id: 5
Total file: 0
Loaded files: 0
Loaded filesok: 0
Loaded fail: 1
Waiting: 1
Recheck after 60s!
*Check file loading...
Data file config id: 5
Total file: 0
Loaded files: 0
Loaded filesok: 0
Loaded fail: 1
Waiting: 1
Recheck after 60s!
*Check file loading...
Data file config id: 5
Total file: 0
Loaded files: 0
Loaded filesok: 0
Loaded fail: 1
Waiting: 1
Recheck after 60s!
*Check file loading...
Data file config id: 5
Total file: 0
Loaded files: 0
Loaded filesok: 0
Loaded fail: 1
Waiting: 1
Recheck after 60s!
*Check file loading...
Data file config id: 5
Total file: 0
Loaded files: 0
Loaded filesok: 0
Loaded fail: 1
Waiting: 1
Recheck after 60s!
*Check file loading...
Data file config id: 5
Total file: 0
Loaded files: 0
Loaded filesok: 0
Loaded fail: 1
Waiting: 1
Recheck after 60s!
*Check file loading...
Data file config id: 5
Total file: 0
Loaded files: 0
Loaded filesok: 0
Loaded fail: 1
Waiting: 1
Recheck after 60s!
*Check file loading...
Data file config id: 5
Total file: 0
Loaded files: 0
Loaded filesok: 0
Loaded fail: 1
Waiting: 1
Recheck after 60s!
*Check file loading...
Data file config id: 5
Total file: 0
Loaded files: 0
Loaded filesok: 0
Loaded fail: 1
Waiting: 1
Recheck after 60s!
*Check file loading...
Data file config id: 5
Total file: 0
Loaded files: 0
Loaded filesok: 0
Loaded fail: 1
Waiting: 1
Recheck after 60s!
*Check file loading...
Data file config id: 5
Total file: 0
Loaded files: 0
Loaded filesok: 0
Loaded fail: 1
Waiting: 1
Recheck after 60s!
*Check file loading...
Data file config id: 5
Total file: 0
Loaded files: 0
Loaded filesok: 0
Loaded fail: 1
Waiting: 1
Recheck after 60s!
*Check file loading...
Data file config id: 5
Total file: 0
Loaded files: 0
Loaded filesok: 0
Loaded fail: 1
Waiting: 1
Recheck after 60s!
*Check file loading...
Data file config id: 5
Total file: 0
Loaded files: 0
Loaded filesok: 0
Loaded fail: 1
Waiting: 1
Recheck after 60s!
*Check file loading...
Data file config id: 5
Total file: 0
Loaded files: 0
Loaded filesok: 0
Loaded fail: 1
Waiting: 1
Recheck after 60s!
*Check file loading...
Data file config id: 5
Total file: 0
Loaded files: 0
Loaded filesok: 0
Loaded fail: 1
Waiting: 1
Recheck after 60s!
*Check file loading...
Data file config id: 5
Total file: 0
Loaded files: 0
Loaded filesok: 0
Loaded fail: 1
Waiting: 1
Recheck after 60s!
*Check file loading...
Data file config id: 5
Total file: 0
Loaded files: 0
Loaded filesok: 0
Loaded fail: 1
Waiting: 1
Recheck after 60s!
*Check file loading...
Data file config id: 5
Total file: 0
Loaded files: 0
Loaded filesok: 0
Loaded fail: 1
Waiting: 1
Recheck after 60s!
*Check file loading...
Data file config id: 5
Total file: 0
Loaded files: 0
Loaded filesok: 0
Loaded fail: 1
Waiting: 1
Recheck after 60s!
*Check file loading...
Data file config id: 5
Total file: 0
Loaded files: 0
Loaded filesok: 0
Loaded fail: 1
Waiting: 1
Recheck after 60s!
*Check file loading...
Data file config id: 5
Total file: 0
Loaded files: 0
Loaded filesok: 0
Loaded fail: 1
Waiting: 1
Recheck after 60s!
*Check file loading...
Data file config id: 5
Total file: 0
Loaded files: 0
Loaded filesok: 0
Loaded fail: 1
Waiting: 1
Recheck after 60s!
*Check file loading...
Data file config id: 5
Total file: 0
Loaded files: 0
Loaded filesok: 0
Loaded fail: 1
Waiting: 1
Recheck after 60s!
*Check file loading...
Data file config id: 5
Total file: 0
Loaded files: 0
Loaded filesok: 0
Loaded fail: 1
Waiting: 1
Recheck after 60s!
*Check file loading...
Data file config id: 5
Total file: 0
Loaded files: 0
Loaded filesok: 0
Loaded fail: 1
Waiting: 1
Recheck after 60s!
*Check file loading...
Data file config id: 5
Total file: 0
Loaded files: 0
Loaded filesok: 0
Loaded fail: 1
Waiting: 1
Recheck after 60s!
*Check file loading...
Data file config id: 5
Total file: 0
Loaded files: 0
Loaded filesok: 0
Loaded fail: 1
Waiting: 1
Recheck after 60s!
*Check file loading...
Data file config id: 5
Total file: 0
Loaded files: 0
Loaded filesok: 0
Loaded fail: 1
Waiting: 1
Recheck after 60s!
*Check file loading...
Data file config id: 5
Total file: 0
Loaded files: 0
Loaded filesok: 0
Loaded fail: 1
Waiting: 1
Recheck after 60s!
*Check file loading...
Data file config id: 5
Total file: 0
Loaded files: 0
Loaded filesok: 0
Loaded fail: 1
Waiting: 1
Recheck after 60s!
*Check file loading...
Data file config id: 5
Total file: 0
Loaded files: 0
Loaded filesok: 0
Loaded fail: 1
Waiting: 1
Recheck after 60s!
*Check file loading...
Data file config id: 5
Total file: 0
Loaded files: 0
Loaded filesok: 0
Loaded fail: 1
Waiting: 1
Recheck after 60s!
*Check file loading...
Data file config id: 5
Total file: 0
Loaded files: 0
Loaded filesok: 0
Loaded fail: 1
Waiting: 1
Recheck after 60s!
*Check file loading...
Data file config id: 5
Total file: 0
Loaded files: 0
Loaded filesok: 0
Loaded fail: 1
Waiting: 1
Recheck after 60s!
*Check file loading...
Data file config id: 5
Total file: 0
Loaded files: 0
Loaded filesok: 0
Loaded fail: 1
Waiting: 1
Recheck after 60s!
*Check file loading...
Data file config id: 5
Total file: 0
Loaded files: 0
Loaded filesok: 0
Loaded fail: 1
Waiting: 1
Recheck after 60s!
*Check file loading...
Data file config id: 5
Total file: 5
Loaded files: 0
Loaded filesok: 0
Loaded fail: 0
Waiting: 5
Recheck after 60s!
*Check file loading...
Data file config id: 5
Total file: 12
Loaded files: 0
Loaded filesok: 0
Loaded fail: 0
Waiting: 12
Recheck after 60s!
*Check file loading...
Data file config id: 5
Total file: 18
Loaded files: 0
Loaded filesok: 0
Loaded fail: 0
Waiting: 18
Recheck after 60s!
*Check file loading...
Data file config id: 5
Total file: 20
Loaded files: 0
Loaded filesok: 0
Loaded fail: 0
Waiting: 20
Recheck after 60s!
*Check file loading...
Data file config id: 5
Total file: 20
Loaded files: 0
Loaded filesok: 0
Loaded fail: 0
Waiting: 20
Recheck after 60s!
*Check file loading...
Data file config id: 5
Total file: 20
Loaded files: 1
Loaded filesok: 1
Loaded fail: 0
Waiting: 19
Recheck after 60s!
*Check file loading...
Data file config id: 5
Total file: 20
Loaded files: 1
Loaded filesok: 1
Loaded fail: 0
Waiting: 19
Recheck after 60s!
*Check file loading...
Data file config id: 5
Total file: 20
Loaded files: 1
Loaded filesok: 1
Loaded fail: 0
Waiting: 19
Recheck after 60s!
*Check file loading...
Data file config id: 5
Total file: 20
Loaded files: 1
Loaded filesok: 1
Loaded fail: 0
Waiting: 19
Recheck after 60s!
*Check file loading...
Data file config id: 5
Total file: 20
Loaded files: 1
Loaded filesok: 1
Loaded fail: 0
Waiting: 19
Recheck after 60s!
*Check file loading...
Data file config id: 5
Total file: 20
Loaded files: 1
Loaded filesok: 1
Loaded fail: 0
Waiting: 19
Recheck after 60s!
*Check file loading...
Data file config id: 5
Total file: 20
Loaded files: 2
Loaded filesok: 2
Loaded fail: 0
Waiting: 18
Recheck after 60s!
*Check file loading...
Data file config id: 5
Total file: 20
Loaded files: 2
Loaded filesok: 2
Loaded fail: 0
Waiting: 18
Recheck after 60s!
*Check file loading...
Data file config id: 5
Total file: 20
Loaded files: 2
Loaded filesok: 2
Loaded fail: 0
Waiting: 18
Recheck after 60s!
*Check file loading...
Data file config id: 5
Total file: 20
Loaded files: 2
Loaded filesok: 2
Loaded fail: 0
Waiting: 18
Recheck after 60s!
*Check file loading...
Data file config id: 5
Total file: 20
Loaded files: 2
Loaded filesok: 2
Loaded fail: 0
Waiting: 18
Recheck after 60s!
*Check file loading...
Data file config id: 5
Total file: 20
Loaded files: 3
Loaded filesok: 3
Loaded fail: 0
Waiting: 17
Recheck after 60s!
*Check file loading...
Data file config id: 5
Total file: 20
Loaded files: 3
Loaded filesok: 3
Loaded fail: 0
Waiting: 17
Recheck after 60s!
*Check file loading...
Data file config id: 5
Total file: 20
Loaded files: 3
Loaded filesok: 3
Loaded fail: 0
Waiting: 17
Recheck after 60s!
*Check file loading...
Data file config id: 5
Total file: 20
Loaded files: 3
Loaded filesok: 3
Loaded fail: 0
Waiting: 17
Recheck after 60s!
*Check file loading...
Data file config id: 5
Total file: 20
Loaded files: 3
Loaded filesok: 3
Loaded fail: 0
Waiting: 17
Recheck after 60s!
*Check file loading...
Data file config id: 5
Total file: 20
Loaded files: 4
Loaded filesok: 4
Loaded fail: 0
Waiting: 16
Recheck after 60s!
*Check file loading...
Data file config id: 5
Total file: 20
Loaded files: 4
Loaded filesok: 4
Loaded fail: 0
Waiting: 16
Recheck after 60s!
*Check file loading...
Data file config id: 5
Total file: 20
Loaded files: 4
Loaded filesok: 4
Loaded fail: 0
Waiting: 16
Recheck after 60s!
*Check file loading...
Data file config id: 5
Total file: 20
Loaded files: 4
Loaded filesok: 4
Loaded fail: 0
Waiting: 16
Recheck after 60s!
*Check file loading...
Data file config id: 5
Total file: 20
Loaded files: 4
Loaded filesok: 4
Loaded fail: 0
Waiting: 16
Recheck after 60s!
*Check file loading...
Data file config id: 5
Total file: 20
Loaded files: 5
Loaded filesok: 5
Loaded fail: 0
Waiting: 15
Recheck after 60s!
*Check file loading...
Data file config id: 5
Total file: 20
Loaded files: 5
Loaded filesok: 5
Loaded fail: 0
Waiting: 15
Recheck after 60s!
*Check file loading...
Data file config id: 5
Total file: 20
Loaded files: 5
Loaded filesok: 5
Loaded fail: 0
Waiting: 15
Recheck after 60s!
*Check file loading...
Data file config id: 5
Total file: 20
Loaded files: 5
Loaded filesok: 5
Loaded fail: 0
Waiting: 15
Recheck after 60s!
*Check file loading...
Data file config id: 5
Total file: 20
Loaded files: 5
Loaded filesok: 5
Loaded fail: 0
Waiting: 15
Recheck after 60s!
*Check file loading...
Data file config id: 5
Total file: 20
Loaded files: 5
Loaded filesok: 5
Loaded fail: 0
Waiting: 15
Recheck after 60s!
*Check file loading...
Data file config id: 5
Total file: 20
Loaded files: 5
Loaded filesok: 5
Loaded fail: 0
Waiting: 15
Recheck after 60s!
*Check file loading...
Data file config id: 5
Total file: 20
Loaded files: 5
Loaded filesok: 5
Loaded fail: 0
Waiting: 15
Recheck after 60s!
*Check file loading...
Data file config id: 5
Total file: 20
Loaded files: 5
Loaded filesok: 5
Loaded fail: 0
Waiting: 15
Recheck after 60s!
*Check file loading...
Data file config id: 5
Total file: 20
Loaded files: 6
Loaded filesok: 6
Loaded fail: 0
Waiting: 14
Recheck after 60s!
*Check file loading...
Data file config id: 5
Total file: 20
Loaded files: 6
Loaded filesok: 6
Loaded fail: 0
Waiting: 14
Recheck after 60s!
*Check file loading...
Data file config id: 5
Total file: 20
Loaded files: 6
Loaded filesok: 6
Loaded fail: 0
Waiting: 14
Recheck after 60s!
*Check file loading...
Data file config id: 5
Total file: 20
Loaded files: 6
Loaded filesok: 6
Loaded fail: 0
Waiting: 14
Recheck after 60s!
*Check file loading...
Data file config id: 5
Total file: 20
Loaded files: 6
Loaded filesok: 6
Loaded fail: 0
Waiting: 14
Recheck after 60s!
*Check file loading...
Data file config id: 5
Total file: 20
Loaded files: 6
Loaded filesok: 6
Loaded fail: 0
Waiting: 14
Recheck after 60s!
*Check file loading...
Data file config id: 5
Total file: 20
Loaded files: 7
Loaded filesok: 7
Loaded fail: 0
Waiting: 13
Recheck after 60s!
*Check file loading...
Data file config id: 5
Total file: 20
Loaded files: 7
Loaded filesok: 7
Loaded fail: 0
Waiting: 13
Recheck after 60s!
*Check file loading...
Data file config id: 5
Total file: 20
Loaded files: 7
Loaded filesok: 7
Loaded fail: 0
Waiting: 13
Recheck after 60s!
*Check file loading...
Data file config id: 5
Total file: 20
Loaded files: 7
Loaded filesok: 7
Loaded fail: 0
Waiting: 13
Recheck after 60s!
*Check file loading...
Data file config id: 5
Total file: 20
Loaded files: 8
Loaded filesok: 8
Loaded fail: 0
Waiting: 12
Recheck after 60s!
*Check file loading...
Data file config id: 5
Total file: 20
Loaded files: 8
Loaded filesok: 8
Loaded fail: 0
Waiting: 12
Recheck after 60s!
*Check file loading...
Data file config id: 5
Total file: 20
Loaded files: 8
Loaded filesok: 8
Loaded fail: 0
Waiting: 12
Recheck after 60s!
*Check file loading...
Data file config id: 5
Total file: 20
Loaded files: 9
Loaded filesok: 9
Loaded fail: 0
Waiting: 11
Recheck after 60s!
*Check file loading...
Data file config id: 5
Total file: 20
Loaded files: 9
Loaded filesok: 9
Loaded fail: 0
Waiting: 11
Recheck after 60s!
*Check file loading...
Data file config id: 5
Total file: 20
Loaded files: 9
Loaded filesok: 9
Loaded fail: 0
Waiting: 11
Recheck after 60s!
*Check file loading...
Data file config id: 5
Total file: 20
Loaded files: 9
Loaded filesok: 9
Loaded fail: 0
Waiting: 11
Recheck after 60s!
*Check file loading...
Data file config id: 5
Total file: 20
Loaded files: 9
Loaded filesok: 9
Loaded fail: 0
Waiting: 11
Recheck after 60s!
*Check file loading...
Data file config id: 5
Total file: 20
Loaded files: 10
Loaded filesok: 10
Loaded fail: 0
Waiting: 10
Recheck after 60s!
*Check file loading...
Data file config id: 5
Total file: 20
Loaded files: 10
Loaded filesok: 10
Loaded fail: 0
Waiting: 10
Recheck after 60s!
*Check file loading...
Data file config id: 5
Total file: 20
Loaded files: 10
Loaded filesok: 10
Loaded fail: 0
Waiting: 10
Recheck after 60s!
*Check file loading...
Data file config id: 5
Total file: 20
Loaded files: 10
Loaded filesok: 10
Loaded fail: 0
Waiting: 10
Recheck after 60s!
*Check file loading...
Data file config id: 5
Total file: 20
Loaded files: 10
Loaded filesok: 10
Loaded fail: 0
Waiting: 10
Recheck after 60s!
*Check file loading...
Data file config id: 5
Total file: 20
Loaded files: 11
Loaded filesok: 11
Loaded fail: 0
Waiting: 9
Recheck after 60s!
*Check file loading...
Data file config id: 5
Total file: 20
Loaded files: 11
Loaded filesok: 11
Loaded fail: 0
Waiting: 9
Recheck after 60s!
*Check file loading...
Data file config id: 5
Total file: 20
Loaded files: 11
Loaded filesok: 11
Loaded fail: 0
Waiting: 9
Recheck after 60s!
*Check file loading...
Data file config id: 5
Total file: 20
Loaded files: 11
Loaded filesok: 11
Loaded fail: 0
Waiting: 9
Recheck after 60s!
*Check file loading...
Data file config id: 5
Total file: 20
Loaded files: 11
Loaded filesok: 11
Loaded fail: 0
Waiting: 9
Recheck after 60s!
*Check file loading...
Data file config id: 5
Total file: 20
Loaded files: 11
Loaded filesok: 11
Loaded fail: 0
Waiting: 9
Recheck after 60s!
*Check file loading...
Data file config id: 5
Total file: 20
Loaded files: 11
Loaded filesok: 11
Loaded fail: 0
Waiting: 9
Recheck after 60s!
*Check file loading...
Data file config id: 5
Total file: 20
Loaded files: 12
Loaded filesok: 12
Loaded fail: 0
Waiting: 8
Recheck after 60s!
*Check file loading...
Data file config id: 5
Total file: 20
Loaded files: 12
Loaded filesok: 12
Loaded fail: 0
Waiting: 8
Recheck after 60s!
*Check file loading...
Data file config id: 5
Total file: 20
Loaded files: 12
Loaded filesok: 12
Loaded fail: 0
Waiting: 8
Recheck after 60s!
*Check file loading...
Data file config id: 5
Total file: 20
Loaded files: 12
Loaded filesok: 12
Loaded fail: 0
Waiting: 8
Recheck after 60s!
*Check file loading...
Data file config id: 5
Total file: 20
Loaded files: 13
Loaded filesok: 13
Loaded fail: 0
Waiting: 7
Recheck after 60s!
*Check file loading...
Data file config id: 5
Total file: 20
Loaded files: 13
Loaded filesok: 13
Loaded fail: 0
Waiting: 7
Recheck after 60s!
*Check file loading...
Data file config id: 5
Total file: 20
Loaded files: 13
Loaded filesok: 13
Loaded fail: 0
Waiting: 7
Recheck after 60s!
*Check file loading...
Data file config id: 5
Total file: 20
Loaded files: 13
Loaded filesok: 13
Loaded fail: 0
Waiting: 7
Recheck after 60s!
*Check file loading...
Data file config id: 5
Total file: 20
Loaded files: 13
Loaded filesok: 13
Loaded fail: 0
Waiting: 7
Recheck after 60s!
*Check file loading...
Data file config id: 5
Total file: 20
Loaded files: 14
Loaded filesok: 14
Loaded fail: 0
Waiting: 6
Recheck after 60s!
*Check file loading...
Data file config id: 5
Total file: 20
Loaded files: 14
Loaded filesok: 14
Loaded fail: 0
Waiting: 6
Recheck after 60s!
*Check file loading...
Data file config id: 5
Total file: 20
Loaded files: 14
Loaded filesok: 14
Loaded fail: 0
Waiting: 6
Recheck after 60s!
*Check file loading...
Data file config id: 5
Total file: 20
Loaded files: 14
Loaded filesok: 14
Loaded fail: 0
Waiting: 6
Recheck after 60s!
*Check file loading...
Data file config id: 5
Total file: 20
Loaded files: 15
Loaded filesok: 15
Loaded fail: 0
Waiting: 5
Recheck after 60s!
*Check file loading...
Data file config id: 5
Total file: 20
Loaded files: 15
Loaded filesok: 15
Loaded fail: 0
Waiting: 5
Recheck after 60s!
*Check file loading...
Data file config id: 5
Total file: 20
Loaded files: 15
Loaded filesok: 15
Loaded fail: 0
Waiting: 5
Recheck after 60s!
*Check file loading...
Data file config id: 5
Total file: 20
Loaded files: 15
Loaded filesok: 15
Loaded fail: 0
Waiting: 5
Recheck after 60s!
*Check file loading...
Data file config id: 5
Total file: 20
Loaded files: 16
Loaded filesok: 16
Loaded fail: 0
Waiting: 4
Recheck after 60s!
*Check file loading...
Data file config id: 5
Total file: 20
Loaded files: 16
Loaded filesok: 16
Loaded fail: 0
Waiting: 4
Recheck after 60s!
*Check file loading...
Data file config id: 5
Total file: 20
Loaded files: 16
Loaded filesok: 16
Loaded fail: 0
Waiting: 4
Recheck after 60s!
*Check file loading...
Data file config id: 5
Total file: 20
Loaded files: 17
Loaded filesok: 17
Loaded fail: 0
Waiting: 3
Recheck after 60s!
*Check file loading...
Data file config id: 5
Total file: 20
Loaded files: 17
Loaded filesok: 17
Loaded fail: 0
Waiting: 3
Recheck after 60s!
*Check file loading...
Data file config id: 5
Total file: 20
Loaded files: 17
Loaded filesok: 17
Loaded fail: 0
Waiting: 3
Recheck after 60s!
*Check file loading...
Data file config id: 5
Total file: 20
Loaded files: 17
Loaded filesok: 17
Loaded fail: 0
Waiting: 3
Recheck after 60s!
*Check file loading...
Data file config id: 5
Total file: 20
Loaded files: 18
Loaded filesok: 18
Loaded fail: 0
Waiting: 2
Recheck after 60s!
*Check file loading...
Data file config id: 5
Total file: 20
Loaded files: 18
Loaded filesok: 18
Loaded fail: 0
Waiting: 2
Recheck after 60s!
*Check file loading...
Data file config id: 5
Total file: 20
Loaded files: 18
Loaded filesok: 18
Loaded fail: 0
Waiting: 2
Recheck after 60s!
*Check file loading...
Data file config id: 5
Total file: 20
Loaded files: 18
Loaded filesok: 18
Loaded fail: 0
Waiting: 2
Recheck after 60s!
*Check file loading...
Data file config id: 5
Total file: 20
Loaded files: 19
Loaded filesok: 19
Loaded fail: 0
Waiting: 1
Recheck after 60s!
*Check file loading...
Data file config id: 5
Total file: 20
Loaded files: 19
Loaded filesok: 19
Loaded fail: 0
Waiting: 1
Recheck after 60s!
*Check file loading...
Data file config id: 5
Total file: 20
Loaded files: 19
Loaded filesok: 19
Loaded fail: 0
Waiting: 1
Recheck after 60s!
*Check file loading...
Data file config id: 5
Total file: 20
Loaded files: 19
Loaded filesok: 19
Loaded fail: 0
Waiting: 1
Recheck after 60s!
*Check file loading...
Data file config id: 5
Total file: 20
17-2-2014 4:9:56 # Loading file completed!
Process param 12 has been runing with ID 5401
*Check Param 12 run in 2014-02-17 
Process id: 5401
Total Trans: 6
Total Trans Completed: 0
*Check Param 12 run in 2014-02-17 
Process id: 5401
Total Trans: 6
Total Trans Completed: 0
*Check Param 12 run in 2014-02-17 
Process id: 5401
Total Trans: 6
Total Trans Completed: 0
*Check Param 12 run in 2014-02-17 
Process id: 5401
Total Trans: 6
Total Trans Completed: 0
*Check Param 12 run in 2014-02-17 
Process id: 5401
Total Trans: 6
Total Trans Completed: 0
*Check Param 12 run in 2014-02-17 
Process id: 5401
Total Trans: 6
Total Trans Completed: 4
*Check Param 12 run in 2014-02-17 
Process id: 5401
Total Trans: 6
Total Trans Completed: 4
*Check Param 12 run in 2014-02-17 
Process id: 5401
Total Trans: 6
Total Trans Completed: 4
*Check Param 12 run in 2014-02-17 
Process id: 5401
Total Trans: 6
Total Trans Completed: 4
*Check Param 12 run in 2014-02-17 
Process id: 5401
Total Trans: 6
Total Trans Completed: 4
*Check Param 12 run in 2014-02-17 
Process id: 5401
Total Trans: 6
Total Trans Completed: 4
*Check Param 12 run in 2014-02-17 
Process id: 5401
Total Trans: 6
Total Trans Completed: 4
*Check Param 12 run in 2014-02-17 
Process id: 5401
Total Trans: 6
Total Trans Completed: 6
17-2-2014 4:22:52 # Process completed!
*Promote parameter: 12
Call function: staging.fn_promote_daily_displayed_impressions_report()
17-2-2014 4:23:16 # Completed!
