[0407/101841:WARNING:resource_bundle.cc(303)] locale_file_path.empty()
[0407/102354:WARNING:resource_bundle.cc(303)] locale_file_path.empty()
[0407/102913:ERROR:cef_context.cc(458)] No localized string available for id 18008
[0407/102913:ERROR:cef_context.cc(458)] No localized string available for id 18008
[0407/103715:WARNING:resource_bundle.cc(303)] locale_file_path.empty()
[0407/104238:WARNING:resource_bundle.cc(303)] locale_file_path.empty()
[0407/104531:WARNING:resource_bundle.cc(303)] locale_file_path.empty()
[0407/104546:WARNING:resource_bundle.cc(303)] locale_file_path.empty()
[0407/104744:ERROR:cef_context.cc(458)] No localized string available for id 18007
[0407/104745:ERROR:cef_context.cc(458)] No localized string available for id 18007
[0407/104745:ERROR:cef_context.cc(458)] No localized string available for id 18007
[0407/104745:ERROR:cef_context.cc(458)] No localized string available for id 18007
[0407/104925:ERROR:cef_context.cc(458)] No localized string available for id 18007
[0407/104926:ERROR:cef_context.cc(458)] No localized string available for id 18007
[0407/105133:WARNING:resource_bundle.cc(303)] locale_file_path.empty()
[0407/105347:WARNING:resource_bundle.cc(303)] locale_file_path.empty()
[0407/110122:WARNING:resource_bundle.cc(303)] locale_file_path.empty()
[0407/110521:WARNING:resource_bundle.cc(303)] locale_file_path.empty()
[0407/110601:WARNING:resource_bundle.cc(303)] locale_file_path.empty()
[0407/222245:WARNING:resource_bundle.cc(303)] locale_file_path.empty()
[0407/222356:WARNING:http_cache_transaction.cc(2093)] Failed to revalidate partial entry
[0407/223001:WARNING:resource_bundle.cc(303)] locale_file_path.empty()
[0424/221419:WARNING:resource_bundle.cc(303)] locale_file_path.empty()
[0424/221604:WARNING:resource_bundle.cc(303)] locale_file_path.empty()
[0424/222035:WARNING:resource_bundle.cc(303)] locale_file_path.empty()
[0424/222358:WARNING:resource_bundle.cc(303)] locale_file_path.empty()
[0424/222743:WARNING:resource_bundle.cc(303)] locale_file_path.empty()
[0424/222811:WARNING:resource_bundle.cc(303)] locale_file_path.empty()
[0424/223257:WARNING:resource_bundle.cc(303)] locale_file_path.empty()
[0424/223422:WARNING:resource_bundle.cc(303)] locale_file_path.empty()
[0424/230656:WARNING:resource_bundle.cc(303)] locale_file_path.empty()
[0424/231252:WARNING:resource_bundle.cc(303)] locale_file_path.empty()
[0424/232136:WARNING:resource_bundle.cc(303)] locale_file_path.empty()
[0424/232222:WARNING:resource_bundle.cc(303)] locale_file_path.empty()
[0424/232323:WARNING:resource_bundle.cc(303)] locale_file_path.empty()
[0424/232417:WARNING:resource_bundle.cc(303)] locale_file_path.empty()
[0424/232615:WARNING:resource_bundle.cc(303)] locale_file_path.empty()
[0424/232641:WARNING:resource_bundle.cc(303)] locale_file_path.empty()
[0424/233024:WARNING:resource_bundle.cc(303)] locale_file_path.empty()
[0424/233210:WARNING:resource_bundle.cc(303)] locale_file_path.empty()
[0424/233553:WARNING:resource_bundle.cc(303)] locale_file_path.empty()
[0424/233614:WARNING:resource_bundle.cc(303)] locale_file_path.empty()
[0424/233801:WARNING:resource_bundle.cc(303)] locale_file_path.empty()
[0424/233826:WARNING:resource_bundle.cc(303)] locale_file_path.empty()
[0424/233846:WARNING:resource_bundle.cc(303)] locale_file_path.empty()
[0424/234013:WARNING:resource_bundle.cc(303)] locale_file_path.empty()
[0424/234039:WARNING:resource_bundle.cc(303)] locale_file_path.empty()
[0424/234312:WARNING:resource_bundle.cc(303)] locale_file_path.empty()
[0424/234658:WARNING:resource_bundle.cc(303)] locale_file_path.empty()
[0424/235315:WARNING:resource_bundle.cc(303)] locale_file_path.empty()
[0424/235337:WARNING:resource_bundle.cc(303)] locale_file_path.empty()
[0424/235610:WARNING:resource_bundle.cc(303)] locale_file_path.empty()
[0424/235643:WARNING:resource_bundle.cc(303)] locale_file_path.empty()
[0424/235741:WARNING:resource_bundle.cc(303)] locale_file_path.empty()
[0424/235747:WARNING:resource_bundle.cc(303)] locale_file_path.empty()
[0424/235814:WARNING:resource_bundle.cc(303)] locale_file_path.empty()
[0424/235819:WARNING:resource_bundle.cc(303)] locale_file_path.empty()
[0424/235849:WARNING:resource_bundle.cc(303)] locale_file_path.empty()
[0424/235901:WARNING:resource_bundle.cc(303)] locale_file_path.empty()
[0424/235912:WARNING:resource_bundle.cc(303)] locale_file_path.empty()
[0425/000155:WARNING:resource_bundle.cc(303)] locale_file_path.empty()
[0425/000234:WARNING:resource_bundle.cc(303)] locale_file_path.empty()
[0425/000234:FATAL:cef_context.cc(411)] Check failed: !loaded_locale.empty(). Locale could not be found for en-US
[0425/000319:WARNING:resource_bundle.cc(303)] locale_file_path.empty()
[0425/000329:WARNING:resource_bundle.cc(303)] locale_file_path.empty()
[0425/000421:WARNING:resource_bundle.cc(303)] locale_file_path.empty()
[0425/000620:WARNING:resource_bundle.cc(303)] locale_file_path.empty()
[0425/000925:WARNING:resource_bundle.cc(303)] locale_file_path.empty()
[0425/001105:WARNING:resource_bundle.cc(303)] locale_file_path.empty()
[0425/001411:WARNING:resource_bundle.cc(303)] locale_file_path.empty()
[0425/001438:WARNING:resource_bundle.cc(303)] locale_file_path.empty()
[0425/001612:WARNING:resource_bundle.cc(303)] locale_file_path.empty()
[0425/001730:WARNING:resource_bundle.cc(303)] locale_file_path.empty()
[0425/001744:WARNING:resource_bundle.cc(303)] locale_file_path.empty()
[0425/001812:WARNING:resource_bundle.cc(303)] locale_file_path.empty()
[0425/001826:WARNING:resource_bundle.cc(303)] locale_file_path.empty()
[0425/002045:WARNING:resource_bundle.cc(303)] locale_file_path.empty()
[0425/002118:WARNING:resource_bundle.cc(303)] locale_file_path.empty()
[0425/002337:WARNING:resource_bundle.cc(303)] locale_file_path.empty()
[0425/002639:WARNING:resource_bundle.cc(303)] locale_file_path.empty()
[0425/002653:WARNING:resource_bundle.cc(303)] locale_file_path.empty()
[0425/002759:WARNING:resource_bundle.cc(303)] locale_file_path.empty()
[0425/002825:WARNING:resource_bundle.cc(303)] locale_file_path.empty()
[0425/002843:WARNING:resource_bundle.cc(303)] locale_file_path.empty()
[0425/002909:WARNING:resource_bundle.cc(303)] locale_file_path.empty()
[0425/003108:WARNING:resource_bundle.cc(303)] locale_file_path.empty()
[0425/003425:WARNING:resource_bundle.cc(303)] locale_file_path.empty()
[0425/003448:WARNING:resource_bundle.cc(303)] locale_file_path.empty()
[0425/104549:WARNING:resource_bundle.cc(303)] locale_file_path.empty()
[0425/104653:WARNING:resource_bundle.cc(303)] locale_file_path.empty()
[0425/104712:WARNING:resource_bundle.cc(303)] locale_file_path.empty()
[0425/104821:WARNING:resource_bundle.cc(303)] locale_file_path.empty()
[0425/104844:WARNING:resource_bundle.cc(303)] locale_file_path.empty()
[0425/104902:WARNING:resource_bundle.cc(303)] locale_file_path.empty()
[0425/104925:WARNING:resource_bundle.cc(303)] locale_file_path.empty()
[0425/105005:WARNING:resource_bundle.cc(303)] locale_file_path.empty()
[0425/105102:WARNING:resource_bundle.cc(303)] locale_file_path.empty()
[0425/105320:WARNING:resource_bundle.cc(303)] locale_file_path.empty()
[0425/105351:WARNING:resource_bundle.cc(303)] locale_file_path.empty()
[0425/105451:WARNING:resource_bundle.cc(303)] locale_file_path.empty()
[0425/105548:WARNING:resource_bundle.cc(303)] locale_file_path.empty()
[0425/105616:WARNING:resource_bundle.cc(303)] locale_file_path.empty()
[0425/105852:WARNING:resource_bundle.cc(303)] locale_file_path.empty()
[0425/105948:WARNING:resource_bundle.cc(303)] locale_file_path.empty()
[0425/110029:WARNING:resource_bundle.cc(303)] locale_file_path.empty()
[0425/110217:WARNING:resource_bundle.cc(303)] locale_file_path.empty()
[0425/110351:WARNING:resource_bundle.cc(303)] locale_file_path.empty()
[0425/110746:WARNING:resource_bundle.cc(303)] locale_file_path.empty()
[0425/111000:WARNING:resource_bundle.cc(303)] locale_file_path.empty()
[0425/111014:WARNING:resource_bundle.cc(303)] locale_file_path.empty()
[0425/111240:WARNING:resource_bundle.cc(303)] locale_file_path.empty()
[0425/111304:WARNING:resource_bundle.cc(303)] locale_file_path.empty()
[0425/111341:WARNING:resource_bundle.cc(303)] locale_file_path.empty()
[0425/111441:WARNING:resource_bundle.cc(303)] locale_file_path.empty()
[0425/111626:WARNING:resource_bundle.cc(303)] locale_file_path.empty()
[0425/111834:WARNING:resource_bundle.cc(303)] locale_file_path.empty()
[0425/111848:WARNING:resource_bundle.cc(303)] locale_file_path.empty()
[0425/112040:WARNING:resource_bundle.cc(303)] locale_file_path.empty()
[0425/112040:FATAL:cef_context.cc(411)] Check failed: !loaded_locale.empty(). Locale could not be found for en-US
[0425/112047:WARNING:resource_bundle.cc(303)] locale_file_path.empty()
[0425/112047:FATAL:cef_context.cc(411)] Check failed: !loaded_locale.empty(). Locale could not be found for en-US
[0425/112105:WARNING:resource_bundle.cc(303)] locale_file_path.empty()
[0425/112127:WARNING:resource_bundle.cc(303)] locale_file_path.empty()
[0425/112215:WARNING:resource_bundle.cc(303)] locale_file_path.empty()
[0425/112339:WARNING:resource_bundle.cc(303)] locale_file_path.empty()
[0425/112650:WARNING:resource_bundle.cc(303)] locale_file_path.empty()
[0425/112748:WARNING:resource_bundle.cc(303)] locale_file_path.empty()
[0425/113413:WARNING:resource_bundle.cc(303)] locale_file_path.empty()
[0425/113453:WARNING:resource_bundle.cc(303)] locale_file_path.empty()
[0425/113523:WARNING:resource_bundle.cc(303)] locale_file_path.empty()
[0425/113701:WARNING:resource_bundle.cc(303)] locale_file_path.empty()
[0425/114041:WARNING:resource_bundle.cc(303)] locale_file_path.empty()
[0425/114142:WARNING:resource_bundle.cc(303)] locale_file_path.empty()
[0425/114250:WARNING:resource_bundle.cc(303)] locale_file_path.empty()
[0425/114455:WARNING:resource_bundle.cc(303)] locale_file_path.empty()
[0425/114602:WARNING:resource_bundle.cc(303)] locale_file_path.empty()
[0425/114609:WARNING:resource_bundle.cc(303)] locale_file_path.empty()
[0425/114850:WARNING:resource_bundle.cc(303)] locale_file_path.empty()
[0425/115001:WARNING:resource_bundle.cc(303)] locale_file_path.empty()
[0425/115234:WARNING:resource_bundle.cc(303)] locale_file_path.empty()
[0425/115335:WARNING:resource_bundle.cc(303)] locale_file_path.empty()
[0425/115411:WARNING:resource_bundle.cc(303)] locale_file_path.empty()
[0425/115455:WARNING:resource_bundle.cc(303)] locale_file_path.empty()
[0425/212544:WARNING:resource_bundle.cc(303)] locale_file_path.empty()
[0425/214307:WARNING:resource_bundle.cc(303)] locale_file_path.empty()
[0425/214332:WARNING:resource_bundle.cc(303)] locale_file_path.empty()
[0425/215317:WARNING:resource_bundle.cc(303)] locale_file_path.empty()
[0425/224125:WARNING:resource_bundle.cc(303)] locale_file_path.empty()
[0425/224210:WARNING:resource_bundle.cc(303)] locale_file_path.empty()
[0425/224310:WARNING:resource_bundle.cc(303)] locale_file_path.empty()
[0425/224550:WARNING:resource_bundle.cc(303)] locale_file_path.empty()
[0425/224631:WARNING:resource_bundle.cc(303)] locale_file_path.empty()
[0425/224729:WARNING:resource_bundle.cc(303)] locale_file_path.empty()
[0425/224805:WARNING:resource_bundle.cc(303)] locale_file_path.empty()
[0425/225140:WARNING:resource_bundle.cc(303)] locale_file_path.empty()
[0425/233310:WARNING:resource_bundle.cc(303)] locale_file_path.empty()
[0425/233340:WARNING:resource_bundle.cc(303)] locale_file_path.empty()
[0425/233441:WARNING:resource_bundle.cc(303)] locale_file_path.empty()
[0425/233518:WARNING:resource_bundle.cc(303)] locale_file_path.empty()
[0425/234634:WARNING:resource_bundle.cc(303)] locale_file_path.empty()
[0425/234818:WARNING:resource_bundle.cc(303)] locale_file_path.empty()
[0425/235006:WARNING:resource_bundle.cc(303)] locale_file_path.empty()
[0425/235243:WARNING:resource_bundle.cc(303)] locale_file_path.empty()
[0425/235616:WARNING:resource_bundle.cc(303)] locale_file_path.empty()
[0425/235735:WARNING:resource_bundle.cc(303)] locale_file_path.empty()
[0426/000104:WARNING:resource_bundle.cc(303)] locale_file_path.empty()
[0426/000118:WARNING:resource_bundle.cc(303)] locale_file_path.empty()
[0426/001218:WARNING:resource_bundle.cc(303)] locale_file_path.empty()
[0426/001509:WARNING:resource_bundle.cc(303)] locale_file_path.empty()
[0426/001539:WARNING:resource_bundle.cc(303)] locale_file_path.empty()
[0426/001610:WARNING:resource_bundle.cc(303)] locale_file_path.empty()
[0426/001819:WARNING:resource_bundle.cc(303)] locale_file_path.empty()
[0426/002041:WARNING:resource_bundle.cc(303)] locale_file_path.empty()
[0426/002238:WARNING:resource_bundle.cc(303)] locale_file_path.empty()
[0426/002550:WARNING:resource_bundle.cc(303)] locale_file_path.empty()
[0426/002811:WARNING:resource_bundle.cc(303)] locale_file_path.empty()
[0426/103316:WARNING:resource_bundle.cc(303)] locale_file_path.empty()
[0426/114926:ERROR:cef_context.cc(458)] No localized string available for id 18020
[0426/114926:ERROR:cef_context.cc(458)] No localized string available for id 18021
[0426/114926:ERROR:cef_context.cc(458)] No localized string available for id 18022
[0426/114926:ERROR:cef_context.cc(458)] No localized string available for id 18045
[0426/114926:ERROR:cef_context.cc(458)] No localized string available for id 18049
[0426/114926:ERROR:cef_context.cc(458)] No localized string available for id 18045
[0426/114926:ERROR:cef_context.cc(458)] No localized string available for id 18044
[0426/114926:ERROR:cef_context.cc(458)] No localized string available for id 18045
[0426/114926:ERROR:cef_context.cc(458)] No localized string available for id 18052
[0426/114926:ERROR:cef_context.cc(458)] No localized string available for id 18020
[0426/114926:ERROR:cef_context.cc(458)] No localized string available for id 18021
[0426/114926:ERROR:cef_context.cc(458)] No localized string available for id 18022
[0426/114926:ERROR:cef_context.cc(458)] No localized string available for id 18045
[0426/114926:ERROR:cef_context.cc(458)] No localized string available for id 18049
[0426/114926:ERROR:cef_context.cc(458)] No localized string available for id 18045
[0426/114926:ERROR:cef_context.cc(458)] No localized string available for id 18044
[0426/114926:ERROR:cef_context.cc(458)] No localized string available for id 18045
[0426/114926:ERROR:cef_context.cc(458)] No localized string available for id 18052
[0426/114926:ERROR:cef_context.cc(458)] No localized string available for id 18020
[0426/114926:ERROR:cef_context.cc(458)] No localized string available for id 18021
[0426/114926:ERROR:cef_context.cc(458)] No localized string available for id 18022
[0426/114926:ERROR:cef_context.cc(458)] No localized string available for id 18045
[0426/114926:ERROR:cef_context.cc(458)] No localized string available for id 18049
[0426/114926:ERROR:cef_context.cc(458)] No localized string available for id 18045
[0426/114926:ERROR:cef_context.cc(458)] No localized string available for id 18044
[0426/114926:ERROR:cef_context.cc(458)] No localized string available for id 18045
[0426/114926:ERROR:cef_context.cc(458)] No localized string available for id 18052
[0426/114926:ERROR:cef_context.cc(458)] No localized string available for id 18020
[0426/114926:ERROR:cef_context.cc(458)] No localized string available for id 18021
[0426/114926:ERROR:cef_context.cc(458)] No localized string available for id 18022
[0426/114926:ERROR:cef_context.cc(458)] No localized string available for id 18045
[0426/114926:ERROR:cef_context.cc(458)] No localized string available for id 18049
[0426/114926:ERROR:cef_context.cc(458)] No localized string available for id 18045
[0426/114926:ERROR:cef_context.cc(458)] No localized string available for id 18044
[0426/114926:ERROR:cef_context.cc(458)] No localized string available for id 18045
[0426/114926:ERROR:cef_context.cc(458)] No localized string available for id 18052
[0426/114926:ERROR:cef_context.cc(458)] No localized string available for id 18045
[0426/114926:ERROR:cef_context.cc(458)] No localized string available for id 18049
[0426/114926:ERROR:cef_context.cc(458)] No localized string available for id 18045
[0426/114926:ERROR:cef_context.cc(458)] No localized string available for id 18052
[0426/114926:ERROR:cef_context.cc(458)] No localized string available for id 18045
[0426/114926:ERROR:cef_context.cc(458)] No localized string available for id 18049
[0426/114926:ERROR:cef_context.cc(458)] No localized string available for id 18045
[0426/114926:ERROR:cef_context.cc(458)] No localized string available for id 18052
[0426/114926:ERROR:cef_context.cc(458)] No localized string available for id 18045
[0426/114926:ERROR:cef_context.cc(458)] No localized string available for id 18049
[0426/114926:ERROR:cef_context.cc(458)] No localized string available for id 18045
[0426/114926:ERROR:cef_context.cc(458)] No localized string available for id 18052
[0426/114926:ERROR:cef_context.cc(458)] No localized string available for id 18055
[0426/114926:ERROR:cef_context.cc(458)] No localized string available for id 18045
[0426/114926:ERROR:cef_context.cc(458)] No localized string available for id 18051
[0426/114926:ERROR:cef_context.cc(458)] No localized string available for id 18045
[0426/114926:ERROR:cef_context.cc(458)] No localized string available for id 18052
[0426/114926:ERROR:cef_context.cc(458)] No localized string available for id 18055
[0426/114926:ERROR:cef_context.cc(458)] No localized string available for id 18045
[0426/114926:ERROR:cef_context.cc(458)] No localized string available for id 18051
[0426/114926:ERROR:cef_context.cc(458)] No localized string available for id 18045
[0426/114926:ERROR:cef_context.cc(458)] No localized string available for id 18052
[0426/114926:ERROR:cef_context.cc(458)] No localized string available for id 18055
[0426/114926:ERROR:cef_context.cc(458)] No localized string available for id 18045
[0426/114926:ERROR:cef_context.cc(458)] No localized string available for id 18051
[0426/114926:ERROR:cef_context.cc(458)] No localized string available for id 18045
[0426/114926:ERROR:cef_context.cc(458)] No localized string available for id 18052
[0426/114926:ERROR:cef_context.cc(458)] No localized string available for id 18045
[0426/114926:ERROR:cef_context.cc(458)] No localized string available for id 18046
[0426/114926:ERROR:cef_context.cc(458)] No localized string available for id 18045
[0426/114926:ERROR:cef_context.cc(458)] No localized string available for id 18048
[0426/114926:ERROR:cef_context.cc(458)] No localized string available for id 18045
[0426/114926:ERROR:cef_context.cc(458)] No localized string available for id 18043
[0426/114926:ERROR:cef_context.cc(458)] No localized string available for id 18045
[0426/114926:ERROR:cef_context.cc(458)] No localized string available for id 18046
[0426/114926:ERROR:cef_context.cc(458)] No localized string available for id 18045
[0426/114926:ERROR:cef_context.cc(458)] No localized string available for id 18048
[0426/114926:ERROR:cef_context.cc(458)] No localized string available for id 18045
[0426/114926:ERROR:cef_context.cc(458)] No localized string available for id 18043
[0426/114926:ERROR:cef_context.cc(458)] No localized string available for id 18045
[0426/114926:ERROR:cef_context.cc(458)] No localized string available for id 18046
[0426/114926:ERROR:cef_context.cc(458)] No localized string available for id 18045
[0426/114926:ERROR:cef_context.cc(458)] No localized string available for id 18048
[0426/114926:ERROR:cef_context.cc(458)] No localized string available for id 18045
[0426/114926:ERROR:cef_context.cc(458)] No localized string available for id 18043
[0426/114926:ERROR:cef_context.cc(458)] No localized string available for id 18020
[0426/114926:ERROR:cef_context.cc(458)] No localized string available for id 18021
[0426/114926:ERROR:cef_context.cc(458)] No localized string available for id 18022
[0426/114926:ERROR:cef_context.cc(458)] No localized string available for id 18045
[0426/114926:ERROR:cef_context.cc(458)] No localized string available for id 18049
[0426/114926:ERROR:cef_context.cc(458)] No localized string available for id 18045
[0426/114926:ERROR:cef_context.cc(458)] No localized string available for id 18044
[0426/114926:ERROR:cef_context.cc(458)] No localized string available for id 18045
[0426/114926:ERROR:cef_context.cc(458)] No localized string available for id 18052
[0426/114926:ERROR:cef_context.cc(458)] No localized string available for id 18045
[0426/114926:ERROR:cef_context.cc(458)] No localized string available for id 18046
[0426/114926:ERROR:cef_context.cc(458)] No localized string available for id 18045
[0426/114926:ERROR:cef_context.cc(458)] No localized string available for id 18048
[0426/114926:ERROR:cef_context.cc(458)] No localized string available for id 18045
[0426/114926:ERROR:cef_context.cc(458)] No localized string available for id 18043
[0426/114926:ERROR:cef_context.cc(458)] No localized string available for id 18020
[0426/114926:ERROR:cef_context.cc(458)] No localized string available for id 18021
[0426/114926:ERROR:cef_context.cc(458)] No localized string available for id 18022
[0426/114926:ERROR:cef_context.cc(458)] No localized string available for id 18045
[0426/114926:ERROR:cef_context.cc(458)] No localized string available for id 18049
[0426/114926:ERROR:cef_context.cc(458)] No localized string available for id 18045
[0426/114926:ERROR:cef_context.cc(458)] No localized string available for id 18044
[0426/114926:ERROR:cef_context.cc(458)] No localized string available for id 18045
[0426/114926:ERROR:cef_context.cc(458)] No localized string available for id 18052
[0426/114926:ERROR:cef_context.cc(458)] No localized string available for id 18045
[0426/114926:ERROR:cef_context.cc(458)] No localized string available for id 18046
[0426/114926:ERROR:cef_context.cc(458)] No localized string available for id 18045
[0426/114926:ERROR:cef_context.cc(458)] No localized string available for id 18048
[0426/114926:ERROR:cef_context.cc(458)] No localized string available for id 18045
[0426/114926:ERROR:cef_context.cc(458)] No localized string available for id 18043
[0426/114926:ERROR:cef_context.cc(458)] No localized string available for id 18020
[0426/114926:ERROR:cef_context.cc(458)] No localized string available for id 18021
[0426/114926:ERROR:cef_context.cc(458)] No localized string available for id 18022
[0426/114926:ERROR:cef_context.cc(458)] No localized string available for id 18045
[0426/114926:ERROR:cef_context.cc(458)] No localized string available for id 18049
[0426/114926:ERROR:cef_context.cc(458)] No localized string available for id 18045
[0426/114926:ERROR:cef_context.cc(458)] No localized string available for id 18044
[0426/114926:ERROR:cef_context.cc(458)] No localized string available for id 18045
[0426/114926:ERROR:cef_context.cc(458)] No localized string available for id 18052
[0426/114926:ERROR:cef_context.cc(458)] No localized string available for id 18045
[0426/114926:ERROR:cef_context.cc(458)] No localized string available for id 18046
[0426/114926:ERROR:cef_context.cc(458)] No localized string available for id 18045
[0426/114926:ERROR:cef_context.cc(458)] No localized string available for id 18048
[0426/114926:ERROR:cef_context.cc(458)] No localized string available for id 18045
[0426/114926:ERROR:cef_context.cc(458)] No localized string available for id 18043
[0426/114944:WARNING:resource_bundle.cc(303)] locale_file_path.empty()
[0426/115332:ERROR:cef_context.cc(458)] No localized string available for id 18020
[0426/115332:ERROR:cef_context.cc(458)] No localized string available for id 18021
[0426/115332:ERROR:cef_context.cc(458)] No localized string available for id 18022
[0426/115332:ERROR:cef_context.cc(458)] No localized string available for id 18045
[0426/115332:ERROR:cef_context.cc(458)] No localized string available for id 18049
[0426/115332:ERROR:cef_context.cc(458)] No localized string available for id 18045
[0426/115332:ERROR:cef_context.cc(458)] No localized string available for id 18044
[0426/115332:ERROR:cef_context.cc(458)] No localized string available for id 18045
[0426/115332:ERROR:cef_context.cc(458)] No localized string available for id 18052
[0426/115332:ERROR:cef_context.cc(458)] No localized string available for id 18020
[0426/115332:ERROR:cef_context.cc(458)] No localized string available for id 18021
[0426/115332:ERROR:cef_context.cc(458)] No localized string available for id 18022
[0426/115332:ERROR:cef_context.cc(458)] No localized string available for id 18045
[0426/115332:ERROR:cef_context.cc(458)] No localized string available for id 18049
[0426/115332:ERROR:cef_context.cc(458)] No localized string available for id 18045
[0426/115332:ERROR:cef_context.cc(458)] No localized string available for id 18044
[0426/115332:ERROR:cef_context.cc(458)] No localized string available for id 18045
[0426/115332:ERROR:cef_context.cc(458)] No localized string available for id 18052
[0426/115332:ERROR:cef_context.cc(458)] No localized string available for id 18020
[0426/115332:ERROR:cef_context.cc(458)] No localized string available for id 18021
[0426/115332:ERROR:cef_context.cc(458)] No localized string available for id 18022
[0426/115332:ERROR:cef_context.cc(458)] No localized string available for id 18045
[0426/115332:ERROR:cef_context.cc(458)] No localized string available for id 18049
[0426/115332:ERROR:cef_context.cc(458)] No localized string available for id 18045
[0426/115332:ERROR:cef_context.cc(458)] No localized string available for id 18044
[0426/115332:ERROR:cef_context.cc(458)] No localized string available for id 18045
[0426/115332:ERROR:cef_context.cc(458)] No localized string available for id 18052
[0426/115332:ERROR:cef_context.cc(458)] No localized string available for id 18020
[0426/115332:ERROR:cef_context.cc(458)] No localized string available for id 18021
[0426/115332:ERROR:cef_context.cc(458)] No localized string available for id 18022
[0426/115332:ERROR:cef_context.cc(458)] No localized string available for id 18045
[0426/115332:ERROR:cef_context.cc(458)] No localized string available for id 18049
[0426/115332:ERROR:cef_context.cc(458)] No localized string available for id 18045
[0426/115332:ERROR:cef_context.cc(458)] No localized string available for id 18044
[0426/115332:ERROR:cef_context.cc(458)] No localized string available for id 18045
[0426/115332:ERROR:cef_context.cc(458)] No localized string available for id 18052
[0426/115332:ERROR:cef_context.cc(458)] No localized string available for id 18045
[0426/115332:ERROR:cef_context.cc(458)] No localized string available for id 18049
[0426/115332:ERROR:cef_context.cc(458)] No localized string available for id 18045
[0426/115332:ERROR:cef_context.cc(458)] No localized string available for id 18052
[0426/115332:ERROR:cef_context.cc(458)] No localized string available for id 18045
[0426/115332:ERROR:cef_context.cc(458)] No localized string available for id 18049
[0426/115332:ERROR:cef_context.cc(458)] No localized string available for id 18045
[0426/115332:ERROR:cef_context.cc(458)] No localized string available for id 18052
[0426/115332:ERROR:cef_context.cc(458)] No localized string available for id 18045
[0426/115332:ERROR:cef_context.cc(458)] No localized string available for id 18049
[0426/115332:ERROR:cef_context.cc(458)] No localized string available for id 18045
[0426/115332:ERROR:cef_context.cc(458)] No localized string available for id 18052
[0426/115332:ERROR:cef_context.cc(458)] No localized string available for id 18055
[0426/115332:ERROR:cef_context.cc(458)] No localized string available for id 18045
[0426/115332:ERROR:cef_context.cc(458)] No localized string available for id 18051
[0426/115332:ERROR:cef_context.cc(458)] No localized string available for id 18045
[0426/115332:ERROR:cef_context.cc(458)] No localized string available for id 18052
[0426/115332:ERROR:cef_context.cc(458)] No localized string available for id 18055
[0426/115332:ERROR:cef_context.cc(458)] No localized string available for id 18045
[0426/115332:ERROR:cef_context.cc(458)] No localized string available for id 18051
[0426/115332:ERROR:cef_context.cc(458)] No localized string available for id 18045
[0426/115332:ERROR:cef_context.cc(458)] No localized string available for id 18052
[0426/115332:ERROR:cef_context.cc(458)] No localized string available for id 18055
[0426/115332:ERROR:cef_context.cc(458)] No localized string available for id 18045
[0426/115332:ERROR:cef_context.cc(458)] No localized string available for id 18051
[0426/115332:ERROR:cef_context.cc(458)] No localized string available for id 18045
[0426/115332:ERROR:cef_context.cc(458)] No localized string available for id 18052
[0426/115332:ERROR:cef_context.cc(458)] No localized string available for id 18045
[0426/115332:ERROR:cef_context.cc(458)] No localized string available for id 18046
[0426/115332:ERROR:cef_context.cc(458)] No localized string available for id 18045
[0426/115332:ERROR:cef_context.cc(458)] No localized string available for id 18048
[0426/115332:ERROR:cef_context.cc(458)] No localized string available for id 18045
[0426/115332:ERROR:cef_context.cc(458)] No localized string available for id 18043
[0426/115332:ERROR:cef_context.cc(458)] No localized string available for id 18045
[0426/115332:ERROR:cef_context.cc(458)] No localized string available for id 18046
[0426/115332:ERROR:cef_context.cc(458)] No localized string available for id 18045
[0426/115332:ERROR:cef_context.cc(458)] No localized string available for id 18048
[0426/115332:ERROR:cef_context.cc(458)] No localized string available for id 18045
[0426/115332:ERROR:cef_context.cc(458)] No localized string available for id 18043
[0426/115332:ERROR:cef_context.cc(458)] No localized string available for id 18045
[0426/115332:ERROR:cef_context.cc(458)] No localized string available for id 18046
[0426/115332:ERROR:cef_context.cc(458)] No localized string available for id 18045
[0426/115332:ERROR:cef_context.cc(458)] No localized string available for id 18048
[0426/115332:ERROR:cef_context.cc(458)] No localized string available for id 18045
[0426/115332:ERROR:cef_context.cc(458)] No localized string available for id 18043
[0426/115332:ERROR:cef_context.cc(458)] No localized string available for id 18020
[0426/115332:ERROR:cef_context.cc(458)] No localized string available for id 18021
[0426/115332:ERROR:cef_context.cc(458)] No localized string available for id 18022
[0426/115332:ERROR:cef_context.cc(458)] No localized string available for id 18045
[0426/115332:ERROR:cef_context.cc(458)] No localized string available for id 18049
[0426/115332:ERROR:cef_context.cc(458)] No localized string available for id 18045
[0426/115332:ERROR:cef_context.cc(458)] No localized string available for id 18044
[0426/115332:ERROR:cef_context.cc(458)] No localized string available for id 18045
[0426/115332:ERROR:cef_context.cc(458)] No localized string available for id 18052
[0426/115332:ERROR:cef_context.cc(458)] No localized string available for id 18045
[0426/115332:ERROR:cef_context.cc(458)] No localized string available for id 18046
[0426/115332:ERROR:cef_context.cc(458)] No localized string available for id 18045
[0426/115332:ERROR:cef_context.cc(458)] No localized string available for id 18048
[0426/115332:ERROR:cef_context.cc(458)] No localized string available for id 18045
[0426/115332:ERROR:cef_context.cc(458)] No localized string available for id 18043
[0426/115332:ERROR:cef_context.cc(458)] No localized string available for id 18020
[0426/115332:ERROR:cef_context.cc(458)] No localized string available for id 18021
[0426/115332:ERROR:cef_context.cc(458)] No localized string available for id 18022
[0426/115332:ERROR:cef_context.cc(458)] No localized string available for id 18045
[0426/115332:ERROR:cef_context.cc(458)] No localized string available for id 18049
[0426/115332:ERROR:cef_context.cc(458)] No localized string available for id 18045
[0426/115332:ERROR:cef_context.cc(458)] No localized string available for id 18044
[0426/115332:ERROR:cef_context.cc(458)] No localized string available for id 18045
[0426/115332:ERROR:cef_context.cc(458)] No localized string available for id 18052
[0426/115332:ERROR:cef_context.cc(458)] No localized string available for id 18045
[0426/115332:ERROR:cef_context.cc(458)] No localized string available for id 18046
[0426/115332:ERROR:cef_context.cc(458)] No localized string available for id 18045
[0426/115332:ERROR:cef_context.cc(458)] No localized string available for id 18048
[0426/115332:ERROR:cef_context.cc(458)] No localized string available for id 18045
[0426/115332:ERROR:cef_context.cc(458)] No localized string available for id 18043
[0426/115332:ERROR:cef_context.cc(458)] No localized string available for id 18020
[0426/115332:ERROR:cef_context.cc(458)] No localized string available for id 18021
[0426/115332:ERROR:cef_context.cc(458)] No localized string available for id 18022
[0426/115332:ERROR:cef_context.cc(458)] No localized string available for id 18045
[0426/115332:ERROR:cef_context.cc(458)] No localized string available for id 18049
[0426/115332:ERROR:cef_context.cc(458)] No localized string available for id 18045
[0426/115332:ERROR:cef_context.cc(458)] No localized string available for id 18044
[0426/115332:ERROR:cef_context.cc(458)] No localized string available for id 18045
[0426/115332:ERROR:cef_context.cc(458)] No localized string available for id 18052
[0426/115332:ERROR:cef_context.cc(458)] No localized string available for id 18045
[0426/115332:ERROR:cef_context.cc(458)] No localized string available for id 18046
[0426/115332:ERROR:cef_context.cc(458)] No localized string available for id 18045
[0426/115332:ERROR:cef_context.cc(458)] No localized string available for id 18048
[0426/115332:ERROR:cef_context.cc(458)] No localized string available for id 18045
[0426/115332:ERROR:cef_context.cc(458)] No localized string available for id 18043
[0426/115427:WARNING:resource_bundle.cc(303)] locale_file_path.empty()
[0426/115550:ERROR:cef_context.cc(458)] No localized string available for id 18008
[0426/115550:ERROR:cef_context.cc(458)] No localized string available for id 18008
[0426/115752:WARNING:resource_bundle.cc(303)] locale_file_path.empty()
[0426/115916:WARNING:resource_bundle.cc(303)] locale_file_path.empty()
[0426/120705:WARNING:resource_bundle.cc(303)] locale_file_path.empty()
[0426/121401:WARNING:resource_bundle.cc(303)] locale_file_path.empty()
[0426/122722:WARNING:resource_bundle.cc(303)] locale_file_path.empty()
[0426/203845:WARNING:resource_bundle.cc(303)] locale_file_path.empty()
[0426/204043:WARNING:resource_bundle.cc(303)] locale_file_path.empty()
[0426/204418:WARNING:resource_bundle.cc(303)] locale_file_path.empty()
[0426/210035:WARNING:resource_bundle.cc(303)] locale_file_path.empty()
[0426/210247:WARNING:resource_bundle.cc(303)] locale_file_path.empty()
[0426/215713:WARNING:resource_bundle.cc(303)] locale_file_path.empty()
[0426/215848:WARNING:resource_bundle.cc(303)] locale_file_path.empty()
[0426/220005:WARNING:resource_bundle.cc(303)] locale_file_path.empty()
[0426/220311:WARNING:resource_bundle.cc(303)] locale_file_path.empty()
[0426/220721:WARNING:resource_bundle.cc(303)] locale_file_path.empty()
[0426/220948:WARNING:resource_bundle.cc(303)] locale_file_path.empty()
[0426/221113:WARNING:resource_bundle.cc(303)] locale_file_path.empty()
[0428/093704:WARNING:resource_bundle.cc(303)] locale_file_path.empty()
[0428/105251:WARNING:resource_bundle.cc(303)] locale_file_path.empty()
[0428/111001:WARNING:resource_bundle.cc(303)] locale_file_path.empty()
[0428/111713:ERROR:cef_context.cc(458)] No localized string available for id 18020
[0428/111713:ERROR:cef_context.cc(458)] No localized string available for id 18021
[0428/111713:ERROR:cef_context.cc(458)] No localized string available for id 18022
[0428/111713:ERROR:cef_context.cc(458)] No localized string available for id 18045
[0428/111713:ERROR:cef_context.cc(458)] No localized string available for id 18049
[0428/111713:ERROR:cef_context.cc(458)] No localized string available for id 18045
[0428/111713:ERROR:cef_context.cc(458)] No localized string available for id 18044
[0428/111713:ERROR:cef_context.cc(458)] No localized string available for id 18045
[0428/111713:ERROR:cef_context.cc(458)] No localized string available for id 18052
[0428/111713:ERROR:cef_context.cc(458)] No localized string available for id 18020
[0428/111713:ERROR:cef_context.cc(458)] No localized string available for id 18021
[0428/111713:ERROR:cef_context.cc(458)] No localized string available for id 18022
[0428/111713:ERROR:cef_context.cc(458)] No localized string available for id 18045
[0428/111713:ERROR:cef_context.cc(458)] No localized string available for id 18049
[0428/111713:ERROR:cef_context.cc(458)] No localized string available for id 18045
[0428/111713:ERROR:cef_context.cc(458)] No localized string available for id 18044
[0428/111713:ERROR:cef_context.cc(458)] No localized string available for id 18045
[0428/111713:ERROR:cef_context.cc(458)] No localized string available for id 18052
[0428/111713:ERROR:cef_context.cc(458)] No localized string available for id 18020
[0428/111713:ERROR:cef_context.cc(458)] No localized string available for id 18021
[0428/111713:ERROR:cef_context.cc(458)] No localized string available for id 18022
[0428/111713:ERROR:cef_context.cc(458)] No localized string available for id 18045
[0428/111713:ERROR:cef_context.cc(458)] No localized string available for id 18049
[0428/111713:ERROR:cef_context.cc(458)] No localized string available for id 18045
[0428/111713:ERROR:cef_context.cc(458)] No localized string available for id 18044
[0428/111713:ERROR:cef_context.cc(458)] No localized string available for id 18045
[0428/111713:ERROR:cef_context.cc(458)] No localized string available for id 18052
[0428/111713:ERROR:cef_context.cc(458)] No localized string available for id 18020
[0428/111713:ERROR:cef_context.cc(458)] No localized string available for id 18021
[0428/111713:ERROR:cef_context.cc(458)] No localized string available for id 18022
[0428/111713:ERROR:cef_context.cc(458)] No localized string available for id 18045
[0428/111713:ERROR:cef_context.cc(458)] No localized string available for id 18049
[0428/111713:ERROR:cef_context.cc(458)] No localized string available for id 18045
[0428/111713:ERROR:cef_context.cc(458)] No localized string available for id 18044
[0428/111713:ERROR:cef_context.cc(458)] No localized string available for id 18045
[0428/111713:ERROR:cef_context.cc(458)] No localized string available for id 18052
[0428/111713:ERROR:cef_context.cc(458)] No localized string available for id 18045
[0428/111713:ERROR:cef_context.cc(458)] No localized string available for id 18049
[0428/111713:ERROR:cef_context.cc(458)] No localized string available for id 18045
[0428/111713:ERROR:cef_context.cc(458)] No localized string available for id 18052
[0428/111713:ERROR:cef_context.cc(458)] No localized string available for id 18045
[0428/111713:ERROR:cef_context.cc(458)] No localized string available for id 18049
[0428/111713:ERROR:cef_context.cc(458)] No localized string available for id 18045
[0428/111713:ERROR:cef_context.cc(458)] No localized string available for id 18052
[0428/111713:ERROR:cef_context.cc(458)] No localized string available for id 18045
[0428/111713:ERROR:cef_context.cc(458)] No localized string available for id 18049
[0428/111713:ERROR:cef_context.cc(458)] No localized string available for id 18045
[0428/111713:ERROR:cef_context.cc(458)] No localized string available for id 18052
[0428/111713:ERROR:cef_context.cc(458)] No localized string available for id 18055
[0428/111713:ERROR:cef_context.cc(458)] No localized string available for id 18045
[0428/111713:ERROR:cef_context.cc(458)] No localized string available for id 18051
[0428/111713:ERROR:cef_context.cc(458)] No localized string available for id 18045
[0428/111713:ERROR:cef_context.cc(458)] No localized string available for id 18052
[0428/111713:ERROR:cef_context.cc(458)] No localized string available for id 18055
[0428/111713:ERROR:cef_context.cc(458)] No localized string available for id 18045
[0428/111713:ERROR:cef_context.cc(458)] No localized string available for id 18051
[0428/111713:ERROR:cef_context.cc(458)] No localized string available for id 18045
[0428/111713:ERROR:cef_context.cc(458)] No localized string available for id 18052
[0428/111713:ERROR:cef_context.cc(458)] No localized string available for id 18055
[0428/111713:ERROR:cef_context.cc(458)] No localized string available for id 18045
[0428/111713:ERROR:cef_context.cc(458)] No localized string available for id 18051
[0428/111713:ERROR:cef_context.cc(458)] No localized string available for id 18045
[0428/111713:ERROR:cef_context.cc(458)] No localized string available for id 18052
[0428/111713:ERROR:cef_context.cc(458)] No localized string available for id 18045
[0428/111713:ERROR:cef_context.cc(458)] No localized string available for id 18046
[0428/111713:ERROR:cef_context.cc(458)] No localized string available for id 18045
[0428/111713:ERROR:cef_context.cc(458)] No localized string available for id 18048
[0428/111713:ERROR:cef_context.cc(458)] No localized string available for id 18045
[0428/111713:ERROR:cef_context.cc(458)] No localized string available for id 18043
[0428/111713:ERROR:cef_context.cc(458)] No localized string available for id 18045
[0428/111713:ERROR:cef_context.cc(458)] No localized string available for id 18046
[0428/111713:ERROR:cef_context.cc(458)] No localized string available for id 18045
[0428/111713:ERROR:cef_context.cc(458)] No localized string available for id 18048
[0428/111713:ERROR:cef_context.cc(458)] No localized string available for id 18045
[0428/111713:ERROR:cef_context.cc(458)] No localized string available for id 18043
[0428/111713:ERROR:cef_context.cc(458)] No localized string available for id 18045
[0428/111713:ERROR:cef_context.cc(458)] No localized string available for id 18046
[0428/111713:ERROR:cef_context.cc(458)] No localized string available for id 18045
[0428/111713:ERROR:cef_context.cc(458)] No localized string available for id 18048
[0428/111713:ERROR:cef_context.cc(458)] No localized string available for id 18045
[0428/111713:ERROR:cef_context.cc(458)] No localized string available for id 18043
[0428/111713:ERROR:cef_context.cc(458)] No localized string available for id 18020
[0428/111713:ERROR:cef_context.cc(458)] No localized string available for id 18021
[0428/111713:ERROR:cef_context.cc(458)] No localized string available for id 18022
[0428/111713:ERROR:cef_context.cc(458)] No localized string available for id 18045
[0428/111713:ERROR:cef_context.cc(458)] No localized string available for id 18049
[0428/111713:ERROR:cef_context.cc(458)] No localized string available for id 18045
[0428/111713:ERROR:cef_context.cc(458)] No localized string available for id 18044
[0428/111713:ERROR:cef_context.cc(458)] No localized string available for id 18045
[0428/111713:ERROR:cef_context.cc(458)] No localized string available for id 18052
[0428/111713:ERROR:cef_context.cc(458)] No localized string available for id 18045
[0428/111713:ERROR:cef_context.cc(458)] No localized string available for id 18046
[0428/111713:ERROR:cef_context.cc(458)] No localized string available for id 18045
[0428/111713:ERROR:cef_context.cc(458)] No localized string available for id 18048
[0428/111713:ERROR:cef_context.cc(458)] No localized string available for id 18045
[0428/111713:ERROR:cef_context.cc(458)] No localized string available for id 18043
[0428/111713:ERROR:cef_context.cc(458)] No localized string available for id 18020
[0428/111713:ERROR:cef_context.cc(458)] No localized string available for id 18021
[0428/111713:ERROR:cef_context.cc(458)] No localized string available for id 18022
[0428/111713:ERROR:cef_context.cc(458)] No localized string available for id 18045
[0428/111713:ERROR:cef_context.cc(458)] No localized string available for id 18049
[0428/111713:ERROR:cef_context.cc(458)] No localized string available for id 18045
[0428/111713:ERROR:cef_context.cc(458)] No localized string available for id 18044
[0428/111713:ERROR:cef_context.cc(458)] No localized string available for id 18045
[0428/111713:ERROR:cef_context.cc(458)] No localized string available for id 18052
[0428/111713:ERROR:cef_context.cc(458)] No localized string available for id 18045
[0428/111713:ERROR:cef_context.cc(458)] No localized string available for id 18046
[0428/111713:ERROR:cef_context.cc(458)] No localized string available for id 18045
[0428/111713:ERROR:cef_context.cc(458)] No localized string available for id 18048
[0428/111713:ERROR:cef_context.cc(458)] No localized string available for id 18045
[0428/111713:ERROR:cef_context.cc(458)] No localized string available for id 18043
[0428/111713:ERROR:cef_context.cc(458)] No localized string available for id 18020
[0428/111713:ERROR:cef_context.cc(458)] No localized string available for id 18021
[0428/111713:ERROR:cef_context.cc(458)] No localized string available for id 18022
[0428/111713:ERROR:cef_context.cc(458)] No localized string available for id 18045
[0428/111713:ERROR:cef_context.cc(458)] No localized string available for id 18049
[0428/111713:ERROR:cef_context.cc(458)] No localized string available for id 18045
[0428/111713:ERROR:cef_context.cc(458)] No localized string available for id 18044
[0428/111713:ERROR:cef_context.cc(458)] No localized string available for id 18045
[0428/111713:ERROR:cef_context.cc(458)] No localized string available for id 18052
[0428/111713:ERROR:cef_context.cc(458)] No localized string available for id 18045
[0428/111713:ERROR:cef_context.cc(458)] No localized string available for id 18046
[0428/111713:ERROR:cef_context.cc(458)] No localized string available for id 18045
[0428/111713:ERROR:cef_context.cc(458)] No localized string available for id 18048
[0428/111713:ERROR:cef_context.cc(458)] No localized string available for id 18045
[0428/111713:ERROR:cef_context.cc(458)] No localized string available for id 18043
[0428/111918:ERROR:entry_impl.cc(939)] Failed to save user data
[0428/111919:ERROR:entry_impl.cc(939)] Failed to save user data
[0428/111919:ERROR:entry_impl.cc(939)] Failed to save user data
[0428/111919:ERROR:entry_impl.cc(939)] Failed to save user data
[0428/111920:ERROR:entry_impl.cc(939)] Failed to save user data
[0428/111921:ERROR:entry_impl.cc(939)] Failed to save user data
[0428/111922:ERROR:entry_impl.cc(939)] Failed to save user data
[0428/111956:ERROR:cef_context.cc(458)] No localized string available for id 18008
[0428/111956:ERROR:cef_context.cc(458)] No localized string available for id 18008
[0501/154830:WARNING:resource_bundle.cc(303)] locale_file_path.empty()
[0501/155504:ERROR:cef_context.cc(458)] No localized string available for id 18008
[0501/155504:ERROR:cef_context.cc(458)] No localized string available for id 18008
[0502/002203:WARNING:resource_bundle.cc(303)] locale_file_path.empty()
[0502/002445:ERROR:cef_context.cc(458)] No localized string available for id 18020
[0502/002445:ERROR:cef_context.cc(458)] No localized string available for id 18021
[0502/002445:ERROR:cef_context.cc(458)] No localized string available for id 18022
[0502/002445:ERROR:cef_context.cc(458)] No localized string available for id 18045
[0502/002445:ERROR:cef_context.cc(458)] No localized string available for id 18049
[0502/002445:ERROR:cef_context.cc(458)] No localized string available for id 18045
[0502/002445:ERROR:cef_context.cc(458)] No localized string available for id 18044
[0502/002445:ERROR:cef_context.cc(458)] No localized string available for id 18045
[0502/002445:ERROR:cef_context.cc(458)] No localized string available for id 18052
[0502/002445:ERROR:cef_context.cc(458)] No localized string available for id 18020
[0502/002445:ERROR:cef_context.cc(458)] No localized string available for id 18021
[0502/002445:ERROR:cef_context.cc(458)] No localized string available for id 18022
[0502/002445:ERROR:cef_context.cc(458)] No localized string available for id 18045
[0502/002445:ERROR:cef_context.cc(458)] No localized string available for id 18049
[0502/002445:ERROR:cef_context.cc(458)] No localized string available for id 18045
[0502/002445:ERROR:cef_context.cc(458)] No localized string available for id 18044
[0502/002445:ERROR:cef_context.cc(458)] No localized string available for id 18045
[0502/002445:ERROR:cef_context.cc(458)] No localized string available for id 18052
[0502/002445:ERROR:cef_context.cc(458)] No localized string available for id 18020
[0502/002445:ERROR:cef_context.cc(458)] No localized string available for id 18021
[0502/002445:ERROR:cef_context.cc(458)] No localized string available for id 18022
[0502/002445:ERROR:cef_context.cc(458)] No localized string available for id 18045
[0502/002445:ERROR:cef_context.cc(458)] No localized string available for id 18049
[0502/002445:ERROR:cef_context.cc(458)] No localized string available for id 18045
[0502/002445:ERROR:cef_context.cc(458)] No localized string available for id 18044
[0502/002445:ERROR:cef_context.cc(458)] No localized string available for id 18045
[0502/002445:ERROR:cef_context.cc(458)] No localized string available for id 18052
[0502/002445:ERROR:cef_context.cc(458)] No localized string available for id 18020
[0502/002445:ERROR:cef_context.cc(458)] No localized string available for id 18021
[0502/002445:ERROR:cef_context.cc(458)] No localized string available for id 18022
[0502/002445:ERROR:cef_context.cc(458)] No localized string available for id 18045
[0502/002445:ERROR:cef_context.cc(458)] No localized string available for id 18049
[0502/002445:ERROR:cef_context.cc(458)] No localized string available for id 18045
[0502/002445:ERROR:cef_context.cc(458)] No localized string available for id 18044
[0502/002445:ERROR:cef_context.cc(458)] No localized string available for id 18045
[0502/002445:ERROR:cef_context.cc(458)] No localized string available for id 18052
[0502/002445:ERROR:cef_context.cc(458)] No localized string available for id 18045
[0502/002445:ERROR:cef_context.cc(458)] No localized string available for id 18049
[0502/002445:ERROR:cef_context.cc(458)] No localized string available for id 18045
[0502/002445:ERROR:cef_context.cc(458)] No localized string available for id 18052
[0502/002445:ERROR:cef_context.cc(458)] No localized string available for id 18045
[0502/002445:ERROR:cef_context.cc(458)] No localized string available for id 18049
[0502/002445:ERROR:cef_context.cc(458)] No localized string available for id 18045
[0502/002445:ERROR:cef_context.cc(458)] No localized string available for id 18052
[0502/002445:ERROR:cef_context.cc(458)] No localized string available for id 18045
[0502/002445:ERROR:cef_context.cc(458)] No localized string available for id 18049
[0502/002445:ERROR:cef_context.cc(458)] No localized string available for id 18045
[0502/002445:ERROR:cef_context.cc(458)] No localized string available for id 18052
[0502/002445:ERROR:cef_context.cc(458)] No localized string available for id 18055
[0502/002445:ERROR:cef_context.cc(458)] No localized string available for id 18045
[0502/002445:ERROR:cef_context.cc(458)] No localized string available for id 18051
[0502/002445:ERROR:cef_context.cc(458)] No localized string available for id 18045
[0502/002445:ERROR:cef_context.cc(458)] No localized string available for id 18052
[0502/002445:ERROR:cef_context.cc(458)] No localized string available for id 18055
[0502/002445:ERROR:cef_context.cc(458)] No localized string available for id 18045
[0502/002445:ERROR:cef_context.cc(458)] No localized string available for id 18051
[0502/002445:ERROR:cef_context.cc(458)] No localized string available for id 18045
[0502/002445:ERROR:cef_context.cc(458)] No localized string available for id 18052
[0502/002445:ERROR:cef_context.cc(458)] No localized string available for id 18055
[0502/002445:ERROR:cef_context.cc(458)] No localized string available for id 18045
[0502/002445:ERROR:cef_context.cc(458)] No localized string available for id 18051
[0502/002445:ERROR:cef_context.cc(458)] No localized string available for id 18045
[0502/002445:ERROR:cef_context.cc(458)] No localized string available for id 18052
[0502/002445:ERROR:cef_context.cc(458)] No localized string available for id 18045
[0502/002445:ERROR:cef_context.cc(458)] No localized string available for id 18046
[0502/002445:ERROR:cef_context.cc(458)] No localized string available for id 18045
[0502/002445:ERROR:cef_context.cc(458)] No localized string available for id 18048
[0502/002445:ERROR:cef_context.cc(458)] No localized string available for id 18045
[0502/002445:ERROR:cef_context.cc(458)] No localized string available for id 18043
[0502/002445:ERROR:cef_context.cc(458)] No localized string available for id 18045
[0502/002445:ERROR:cef_context.cc(458)] No localized string available for id 18046
[0502/002445:ERROR:cef_context.cc(458)] No localized string available for id 18045
[0502/002445:ERROR:cef_context.cc(458)] No localized string available for id 18048
[0502/002445:ERROR:cef_context.cc(458)] No localized string available for id 18045
[0502/002445:ERROR:cef_context.cc(458)] No localized string available for id 18043
[0502/002445:ERROR:cef_context.cc(458)] No localized string available for id 18045
[0502/002445:ERROR:cef_context.cc(458)] No localized string available for id 18046
[0502/002445:ERROR:cef_context.cc(458)] No localized string available for id 18045
[0502/002445:ERROR:cef_context.cc(458)] No localized string available for id 18048
[0502/002445:ERROR:cef_context.cc(458)] No localized string available for id 18045
[0502/002445:ERROR:cef_context.cc(458)] No localized string available for id 18043
[0502/002445:ERROR:cef_context.cc(458)] No localized string available for id 18020
[0502/002445:ERROR:cef_context.cc(458)] No localized string available for id 18021
[0502/002445:ERROR:cef_context.cc(458)] No localized string available for id 18022
[0502/002445:ERROR:cef_context.cc(458)] No localized string available for id 18045
[0502/002445:ERROR:cef_context.cc(458)] No localized string available for id 18049
[0502/002445:ERROR:cef_context.cc(458)] No localized string available for id 18045
[0502/002445:ERROR:cef_context.cc(458)] No localized string available for id 18044
[0502/002445:ERROR:cef_context.cc(458)] No localized string available for id 18045
[0502/002445:ERROR:cef_context.cc(458)] No localized string available for id 18052
[0502/002445:ERROR:cef_context.cc(458)] No localized string available for id 18045
[0502/002445:ERROR:cef_context.cc(458)] No localized string available for id 18046
[0502/002445:ERROR:cef_context.cc(458)] No localized string available for id 18045
[0502/002445:ERROR:cef_context.cc(458)] No localized string available for id 18048
[0502/002445:ERROR:cef_context.cc(458)] No localized string available for id 18045
[0502/002445:ERROR:cef_context.cc(458)] No localized string available for id 18043
[0502/002445:ERROR:cef_context.cc(458)] No localized string available for id 18020
[0502/002445:ERROR:cef_context.cc(458)] No localized string available for id 18021
[0502/002445:ERROR:cef_context.cc(458)] No localized string available for id 18022
[0502/002445:ERROR:cef_context.cc(458)] No localized string available for id 18045
[0502/002445:ERROR:cef_context.cc(458)] No localized string available for id 18049
[0502/002445:ERROR:cef_context.cc(458)] No localized string available for id 18045
[0502/002445:ERROR:cef_context.cc(458)] No localized string available for id 18044
[0502/002445:ERROR:cef_context.cc(458)] No localized string available for id 18045
[0502/002445:ERROR:cef_context.cc(458)] No localized string available for id 18052
[0502/002445:ERROR:cef_context.cc(458)] No localized string available for id 18045
[0502/002445:ERROR:cef_context.cc(458)] No localized string available for id 18046
[0502/002445:ERROR:cef_context.cc(458)] No localized string available for id 18045
[0502/002445:ERROR:cef_context.cc(458)] No localized string available for id 18048
[0502/002445:ERROR:cef_context.cc(458)] No localized string available for id 18045
[0502/002445:ERROR:cef_context.cc(458)] No localized string available for id 18043
[0502/002445:ERROR:cef_context.cc(458)] No localized string available for id 18020
[0502/002445:ERROR:cef_context.cc(458)] No localized string available for id 18021
[0502/002445:ERROR:cef_context.cc(458)] No localized string available for id 18022
[0502/002445:ERROR:cef_context.cc(458)] No localized string available for id 18045
[0502/002445:ERROR:cef_context.cc(458)] No localized string available for id 18049
[0502/002445:ERROR:cef_context.cc(458)] No localized string available for id 18045
[0502/002445:ERROR:cef_context.cc(458)] No localized string available for id 18044
[0502/002445:ERROR:cef_context.cc(458)] No localized string available for id 18045
[0502/002445:ERROR:cef_context.cc(458)] No localized string available for id 18052
[0502/002445:ERROR:cef_context.cc(458)] No localized string available for id 18045
[0502/002445:ERROR:cef_context.cc(458)] No localized string available for id 18046
[0502/002445:ERROR:cef_context.cc(458)] No localized string available for id 18045
[0502/002445:ERROR:cef_context.cc(458)] No localized string available for id 18048
[0502/002445:ERROR:cef_context.cc(458)] No localized string available for id 18045
[0502/002445:ERROR:cef_context.cc(458)] No localized string available for id 18043
[0502/003237:WARNING:resource_bundle.cc(303)] locale_file_path.empty()
[0503/095025:WARNING:resource_bundle.cc(303)] locale_file_path.empty()
[0503/100039:ERROR:cef_context.cc(458)] No localized string available for id 18008
[0503/100039:ERROR:cef_context.cc(458)] No localized string available for id 18008
[0506/232025:WARNING:resource_bundle.cc(303)] locale_file_path.empty()
[0506/233445:ERROR:cef_context.cc(458)] No localized string available for id 18008
[0506/233445:ERROR:cef_context.cc(458)] No localized string available for id 18008
[0508/233647:WARNING:resource_bundle.cc(303)] locale_file_path.empty()
[0508/234001:ERROR:cef_context.cc(458)] No localized string available for id 18078
[0508/234001:ERROR:cef_context.cc(458)] No localized string available for id 18078
[0508/234001:ERROR:cef_context.cc(458)] No localized string available for id 18078
[0508/234001:ERROR:cef_context.cc(458)] No localized string available for id 18078
[0508/234001:ERROR:cef_context.cc(458)] No localized string available for id 18078
[0508/234001:ERROR:cef_context.cc(458)] No localized string available for id 18078
[0508/234001:ERROR:cef_context.cc(458)] No localized string available for id 18078
[0508/234437:ERROR:cef_context.cc(458)] No localized string available for id 18008
[0508/234437:ERROR:cef_context.cc(458)] No localized string available for id 18008
[0509/112923:WARNING:resource_bundle.cc(303)] locale_file_path.empty()
[0509/115119:ERROR:cef_context.cc(458)] No localized string available for id 18078
[0509/115119:ERROR:cef_context.cc(458)] No localized string available for id 18078
[0509/115119:ERROR:cef_context.cc(458)] No localized string available for id 18078
[0509/115119:ERROR:cef_context.cc(458)] No localized string available for id 18078
[0509/115119:ERROR:cef_context.cc(458)] No localized string available for id 18078
[0509/115531:ERROR:cef_context.cc(458)] No localized string available for id 18008
[0509/115531:ERROR:cef_context.cc(458)] No localized string available for id 18008
[0509/122944:WARNING:resource_bundle.cc(303)] locale_file_path.empty()
[0509/123410:WARNING:resource_bundle.cc(303)] locale_file_path.empty()
[0510/123606:WARNING:resource_bundle.cc(303)] locale_file_path.empty()
[0510/123656:WARNING:resource_bundle.cc(303)] locale_file_path.empty()
[0510/124013:ERROR:cef_context.cc(458)] No localized string available for id 18020
[0510/124013:ERROR:cef_context.cc(458)] No localized string available for id 18021
[0510/124013:ERROR:cef_context.cc(458)] No localized string available for id 18022
[0510/124013:ERROR:cef_context.cc(458)] No localized string available for id 18045
[0510/124013:ERROR:cef_context.cc(458)] No localized string available for id 18049
[0510/124013:ERROR:cef_context.cc(458)] No localized string available for id 18045
[0510/124013:ERROR:cef_context.cc(458)] No localized string available for id 18044
[0510/124013:ERROR:cef_context.cc(458)] No localized string available for id 18045
[0510/124013:ERROR:cef_context.cc(458)] No localized string available for id 18052
[0510/124013:ERROR:cef_context.cc(458)] No localized string available for id 18020
[0510/124013:ERROR:cef_context.cc(458)] No localized string available for id 18021
[0510/124013:ERROR:cef_context.cc(458)] No localized string available for id 18022
[0510/124013:ERROR:cef_context.cc(458)] No localized string available for id 18045
[0510/124013:ERROR:cef_context.cc(458)] No localized string available for id 18049
[0510/124013:ERROR:cef_context.cc(458)] No localized string available for id 18045
[0510/124013:ERROR:cef_context.cc(458)] No localized string available for id 18044
[0510/124013:ERROR:cef_context.cc(458)] No localized string available for id 18045
[0510/124013:ERROR:cef_context.cc(458)] No localized string available for id 18052
[0510/124013:ERROR:cef_context.cc(458)] No localized string available for id 18020
[0510/124013:ERROR:cef_context.cc(458)] No localized string available for id 18021
[0510/124013:ERROR:cef_context.cc(458)] No localized string available for id 18022
[0510/124013:ERROR:cef_context.cc(458)] No localized string available for id 18045
[0510/124013:ERROR:cef_context.cc(458)] No localized string available for id 18049
[0510/124013:ERROR:cef_context.cc(458)] No localized string available for id 18045
[0510/124013:ERROR:cef_context.cc(458)] No localized string available for id 18044
[0510/124013:ERROR:cef_context.cc(458)] No localized string available for id 18045
[0510/124013:ERROR:cef_context.cc(458)] No localized string available for id 18052
[0510/124013:ERROR:cef_context.cc(458)] No localized string available for id 18020
[0510/124013:ERROR:cef_context.cc(458)] No localized string available for id 18021
[0510/124013:ERROR:cef_context.cc(458)] No localized string available for id 18022
[0510/124013:ERROR:cef_context.cc(458)] No localized string available for id 18045
[0510/124013:ERROR:cef_context.cc(458)] No localized string available for id 18049
[0510/124013:ERROR:cef_context.cc(458)] No localized string available for id 18045
[0510/124013:ERROR:cef_context.cc(458)] No localized string available for id 18044
[0510/124013:ERROR:cef_context.cc(458)] No localized string available for id 18045
[0510/124013:ERROR:cef_context.cc(458)] No localized string available for id 18052
[0510/124013:ERROR:cef_context.cc(458)] No localized string available for id 18045
[0510/124013:ERROR:cef_context.cc(458)] No localized string available for id 18049
[0510/124013:ERROR:cef_context.cc(458)] No localized string available for id 18045
[0510/124013:ERROR:cef_context.cc(458)] No localized string available for id 18052
[0510/124013:ERROR:cef_context.cc(458)] No localized string available for id 18045
[0510/124013:ERROR:cef_context.cc(458)] No localized string available for id 18049
[0510/124013:ERROR:cef_context.cc(458)] No localized string available for id 18045
[0510/124013:ERROR:cef_context.cc(458)] No localized string available for id 18052
[0510/124013:ERROR:cef_context.cc(458)] No localized string available for id 18045
[0510/124013:ERROR:cef_context.cc(458)] No localized string available for id 18049
[0510/124013:ERROR:cef_context.cc(458)] No localized string available for id 18045
[0510/124013:ERROR:cef_context.cc(458)] No localized string available for id 18052
[0510/124013:ERROR:cef_context.cc(458)] No localized string available for id 18055
[0510/124013:ERROR:cef_context.cc(458)] No localized string available for id 18045
[0510/124013:ERROR:cef_context.cc(458)] No localized string available for id 18051
[0510/124013:ERROR:cef_context.cc(458)] No localized string available for id 18045
[0510/124013:ERROR:cef_context.cc(458)] No localized string available for id 18052
[0510/124013:ERROR:cef_context.cc(458)] No localized string available for id 18055
[0510/124013:ERROR:cef_context.cc(458)] No localized string available for id 18045
[0510/124013:ERROR:cef_context.cc(458)] No localized string available for id 18051
[0510/124013:ERROR:cef_context.cc(458)] No localized string available for id 18045
[0510/124013:ERROR:cef_context.cc(458)] No localized string available for id 18052
[0510/124013:ERROR:cef_context.cc(458)] No localized string available for id 18055
[0510/124013:ERROR:cef_context.cc(458)] No localized string available for id 18045
[0510/124013:ERROR:cef_context.cc(458)] No localized string available for id 18051
[0510/124013:ERROR:cef_context.cc(458)] No localized string available for id 18045
[0510/124013:ERROR:cef_context.cc(458)] No localized string available for id 18052
[0510/124013:ERROR:cef_context.cc(458)] No localized string available for id 18045
[0510/124013:ERROR:cef_context.cc(458)] No localized string available for id 18046
[0510/124013:ERROR:cef_context.cc(458)] No localized string available for id 18045
[0510/124013:ERROR:cef_context.cc(458)] No localized string available for id 18048
[0510/124013:ERROR:cef_context.cc(458)] No localized string available for id 18045
[0510/124013:ERROR:cef_context.cc(458)] No localized string available for id 18043
[0510/124013:ERROR:cef_context.cc(458)] No localized string available for id 18045
[0510/124013:ERROR:cef_context.cc(458)] No localized string available for id 18046
[0510/124013:ERROR:cef_context.cc(458)] No localized string available for id 18045
[0510/124013:ERROR:cef_context.cc(458)] No localized string available for id 18048
[0510/124013:ERROR:cef_context.cc(458)] No localized string available for id 18045
[0510/124013:ERROR:cef_context.cc(458)] No localized string available for id 18043
[0510/124013:ERROR:cef_context.cc(458)] No localized string available for id 18045
[0510/124013:ERROR:cef_context.cc(458)] No localized string available for id 18046
[0510/124013:ERROR:cef_context.cc(458)] No localized string available for id 18045
[0510/124013:ERROR:cef_context.cc(458)] No localized string available for id 18048
[0510/124013:ERROR:cef_context.cc(458)] No localized string available for id 18045
[0510/124013:ERROR:cef_context.cc(458)] No localized string available for id 18043
[0510/124013:ERROR:cef_context.cc(458)] No localized string available for id 18020
[0510/124013:ERROR:cef_context.cc(458)] No localized string available for id 18021
[0510/124013:ERROR:cef_context.cc(458)] No localized string available for id 18022
[0510/124013:ERROR:cef_context.cc(458)] No localized string available for id 18045
[0510/124013:ERROR:cef_context.cc(458)] No localized string available for id 18049
[0510/124013:ERROR:cef_context.cc(458)] No localized string available for id 18045
[0510/124013:ERROR:cef_context.cc(458)] No localized string available for id 18044
[0510/124013:ERROR:cef_context.cc(458)] No localized string available for id 18045
[0510/124013:ERROR:cef_context.cc(458)] No localized string available for id 18052
[0510/124013:ERROR:cef_context.cc(458)] No localized string available for id 18045
[0510/124013:ERROR:cef_context.cc(458)] No localized string available for id 18046
[0510/124013:ERROR:cef_context.cc(458)] No localized string available for id 18045
[0510/124013:ERROR:cef_context.cc(458)] No localized string available for id 18048
[0510/124013:ERROR:cef_context.cc(458)] No localized string available for id 18045
[0510/124013:ERROR:cef_context.cc(458)] No localized string available for id 18043
[0510/124013:ERROR:cef_context.cc(458)] No localized string available for id 18020
[0510/124013:ERROR:cef_context.cc(458)] No localized string available for id 18021
[0510/124013:ERROR:cef_context.cc(458)] No localized string available for id 18022
[0510/124013:ERROR:cef_context.cc(458)] No localized string available for id 18045
[0510/124013:ERROR:cef_context.cc(458)] No localized string available for id 18049
[0510/124013:ERROR:cef_context.cc(458)] No localized string available for id 18045
[0510/124013:ERROR:cef_context.cc(458)] No localized string available for id 18044
[0510/124013:ERROR:cef_context.cc(458)] No localized string available for id 18045
[0510/124013:ERROR:cef_context.cc(458)] No localized string available for id 18052
[0510/124013:ERROR:cef_context.cc(458)] No localized string available for id 18045
[0510/124013:ERROR:cef_context.cc(458)] No localized string available for id 18046
[0510/124013:ERROR:cef_context.cc(458)] No localized string available for id 18045
[0510/124013:ERROR:cef_context.cc(458)] No localized string available for id 18048
[0510/124013:ERROR:cef_context.cc(458)] No localized string available for id 18045
[0510/124013:ERROR:cef_context.cc(458)] No localized string available for id 18043
[0510/124013:ERROR:cef_context.cc(458)] No localized string available for id 18020
[0510/124013:ERROR:cef_context.cc(458)] No localized string available for id 18021
[0510/124013:ERROR:cef_context.cc(458)] No localized string available for id 18022
[0510/124013:ERROR:cef_context.cc(458)] No localized string available for id 18045
[0510/124013:ERROR:cef_context.cc(458)] No localized string available for id 18049
[0510/124013:ERROR:cef_context.cc(458)] No localized string available for id 18045
[0510/124013:ERROR:cef_context.cc(458)] No localized string available for id 18044
[0510/124013:ERROR:cef_context.cc(458)] No localized string available for id 18045
[0510/124013:ERROR:cef_context.cc(458)] No localized string available for id 18052
[0510/124013:ERROR:cef_context.cc(458)] No localized string available for id 18045
[0510/124013:ERROR:cef_context.cc(458)] No localized string available for id 18046
[0510/124013:ERROR:cef_context.cc(458)] No localized string available for id 18045
[0510/124013:ERROR:cef_context.cc(458)] No localized string available for id 18048
[0510/124013:ERROR:cef_context.cc(458)] No localized string available for id 18045
[0510/124013:ERROR:cef_context.cc(458)] No localized string available for id 18043
[0510/124018:ERROR:cef_context.cc(458)] No localized string available for id 18020
[0510/124018:ERROR:cef_context.cc(458)] No localized string available for id 18021
[0510/124018:ERROR:cef_context.cc(458)] No localized string available for id 18022
[0510/124018:ERROR:cef_context.cc(458)] No localized string available for id 18045
[0510/124018:ERROR:cef_context.cc(458)] No localized string available for id 18049
[0510/124018:ERROR:cef_context.cc(458)] No localized string available for id 18045
[0510/124018:ERROR:cef_context.cc(458)] No localized string available for id 18044
[0510/124018:ERROR:cef_context.cc(458)] No localized string available for id 18045
[0510/124018:ERROR:cef_context.cc(458)] No localized string available for id 18052
[0510/124018:ERROR:cef_context.cc(458)] No localized string available for id 18020
[0510/124018:ERROR:cef_context.cc(458)] No localized string available for id 18021
[0510/124018:ERROR:cef_context.cc(458)] No localized string available for id 18022
[0510/124018:ERROR:cef_context.cc(458)] No localized string available for id 18045
[0510/124018:ERROR:cef_context.cc(458)] No localized string available for id 18049
[0510/124018:ERROR:cef_context.cc(458)] No localized string available for id 18045
[0510/124018:ERROR:cef_context.cc(458)] No localized string available for id 18044
[0510/124018:ERROR:cef_context.cc(458)] No localized string available for id 18045
[0510/124018:ERROR:cef_context.cc(458)] No localized string available for id 18052
[0510/124018:ERROR:cef_context.cc(458)] No localized string available for id 18020
[0510/124018:ERROR:cef_context.cc(458)] No localized string available for id 18021
[0510/124018:ERROR:cef_context.cc(458)] No localized string available for id 18022
[0510/124018:ERROR:cef_context.cc(458)] No localized string available for id 18045
[0510/124018:ERROR:cef_context.cc(458)] No localized string available for id 18049
[0510/124018:ERROR:cef_context.cc(458)] No localized string available for id 18045
[0510/124018:ERROR:cef_context.cc(458)] No localized string available for id 18044
[0510/124018:ERROR:cef_context.cc(458)] No localized string available for id 18045
[0510/124018:ERROR:cef_context.cc(458)] No localized string available for id 18052
[0510/124018:ERROR:cef_context.cc(458)] No localized string available for id 18020
[0510/124018:ERROR:cef_context.cc(458)] No localized string available for id 18021
[0510/124018:ERROR:cef_context.cc(458)] No localized string available for id 18022
[0510/124018:ERROR:cef_context.cc(458)] No localized string available for id 18045
[0510/124018:ERROR:cef_context.cc(458)] No localized string available for id 18049
[0510/124018:ERROR:cef_context.cc(458)] No localized string available for id 18045
[0510/124018:ERROR:cef_context.cc(458)] No localized string available for id 18044
[0510/124018:ERROR:cef_context.cc(458)] No localized string available for id 18045
[0510/124018:ERROR:cef_context.cc(458)] No localized string available for id 18052
[0510/124018:ERROR:cef_context.cc(458)] No localized string available for id 18045
[0510/124018:ERROR:cef_context.cc(458)] No localized string available for id 18049
[0510/124018:ERROR:cef_context.cc(458)] No localized string available for id 18045
[0510/124018:ERROR:cef_context.cc(458)] No localized string available for id 18052
[0510/124018:ERROR:cef_context.cc(458)] No localized string available for id 18045
[0510/124018:ERROR:cef_context.cc(458)] No localized string available for id 18049
[0510/124018:ERROR:cef_context.cc(458)] No localized string available for id 18045
[0510/124018:ERROR:cef_context.cc(458)] No localized string available for id 18052
[0510/124018:ERROR:cef_context.cc(458)] No localized string available for id 18045
[0510/124018:ERROR:cef_context.cc(458)] No localized string available for id 18049
[0510/124018:ERROR:cef_context.cc(458)] No localized string available for id 18045
[0510/124018:ERROR:cef_context.cc(458)] No localized string available for id 18052
[0510/124018:ERROR:cef_context.cc(458)] No localized string available for id 18055
[0510/124018:ERROR:cef_context.cc(458)] No localized string available for id 18045
[0510/124018:ERROR:cef_context.cc(458)] No localized string available for id 18051
[0510/124018:ERROR:cef_context.cc(458)] No localized string available for id 18045
[0510/124018:ERROR:cef_context.cc(458)] No localized string available for id 18052
[0510/124018:ERROR:cef_context.cc(458)] No localized string available for id 18055
[0510/124018:ERROR:cef_context.cc(458)] No localized string available for id 18045
[0510/124018:ERROR:cef_context.cc(458)] No localized string available for id 18051
[0510/124018:ERROR:cef_context.cc(458)] No localized string available for id 18045
[0510/124018:ERROR:cef_context.cc(458)] No localized string available for id 18052
[0510/124018:ERROR:cef_context.cc(458)] No localized string available for id 18055
[0510/124018:ERROR:cef_context.cc(458)] No localized string available for id 18045
[0510/124018:ERROR:cef_context.cc(458)] No localized string available for id 18051
[0510/124018:ERROR:cef_context.cc(458)] No localized string available for id 18045
[0510/124018:ERROR:cef_context.cc(458)] No localized string available for id 18052
[0510/124018:ERROR:cef_context.cc(458)] No localized string available for id 18045
[0510/124018:ERROR:cef_context.cc(458)] No localized string available for id 18046
[0510/124018:ERROR:cef_context.cc(458)] No localized string available for id 18045
[0510/124018:ERROR:cef_context.cc(458)] No localized string available for id 18048
[0510/124018:ERROR:cef_context.cc(458)] No localized string available for id 18045
[0510/124018:ERROR:cef_context.cc(458)] No localized string available for id 18043
[0510/124018:ERROR:cef_context.cc(458)] No localized string available for id 18045
[0510/124018:ERROR:cef_context.cc(458)] No localized string available for id 18046
[0510/124018:ERROR:cef_context.cc(458)] No localized string available for id 18045
[0510/124018:ERROR:cef_context.cc(458)] No localized string available for id 18048
[0510/124018:ERROR:cef_context.cc(458)] No localized string available for id 18045
[0510/124018:ERROR:cef_context.cc(458)] No localized string available for id 18043
[0510/124018:ERROR:cef_context.cc(458)] No localized string available for id 18045
[0510/124018:ERROR:cef_context.cc(458)] No localized string available for id 18046
[0510/124018:ERROR:cef_context.cc(458)] No localized string available for id 18045
[0510/124018:ERROR:cef_context.cc(458)] No localized string available for id 18048
[0510/124018:ERROR:cef_context.cc(458)] No localized string available for id 18045
[0510/124018:ERROR:cef_context.cc(458)] No localized string available for id 18043
[0510/124018:ERROR:cef_context.cc(458)] No localized string available for id 18020
[0510/124018:ERROR:cef_context.cc(458)] No localized string available for id 18021
[0510/124018:ERROR:cef_context.cc(458)] No localized string available for id 18022
[0510/124018:ERROR:cef_context.cc(458)] No localized string available for id 18045
[0510/124018:ERROR:cef_context.cc(458)] No localized string available for id 18049
[0510/124018:ERROR:cef_context.cc(458)] No localized string available for id 18045
[0510/124018:ERROR:cef_context.cc(458)] No localized string available for id 18044
[0510/124018:ERROR:cef_context.cc(458)] No localized string available for id 18045
[0510/124018:ERROR:cef_context.cc(458)] No localized string available for id 18052
[0510/124018:ERROR:cef_context.cc(458)] No localized string available for id 18045
[0510/124018:ERROR:cef_context.cc(458)] No localized string available for id 18046
[0510/124018:ERROR:cef_context.cc(458)] No localized string available for id 18045
[0510/124018:ERROR:cef_context.cc(458)] No localized string available for id 18048
[0510/124018:ERROR:cef_context.cc(458)] No localized string available for id 18045
[0510/124018:ERROR:cef_context.cc(458)] No localized string available for id 18043
[0510/124018:ERROR:cef_context.cc(458)] No localized string available for id 18020
[0510/124018:ERROR:cef_context.cc(458)] No localized string available for id 18021
[0510/124018:ERROR:cef_context.cc(458)] No localized string available for id 18022
[0510/124018:ERROR:cef_context.cc(458)] No localized string available for id 18045
[0510/124018:ERROR:cef_context.cc(458)] No localized string available for id 18049
[0510/124018:ERROR:cef_context.cc(458)] No localized string available for id 18045
[0510/124018:ERROR:cef_context.cc(458)] No localized string available for id 18044
[0510/124018:ERROR:cef_context.cc(458)] No localized string available for id 18045
[0510/124018:ERROR:cef_context.cc(458)] No localized string available for id 18052
[0510/124018:ERROR:cef_context.cc(458)] No localized string available for id 18045
[0510/124018:ERROR:cef_context.cc(458)] No localized string available for id 18046
[0510/124018:ERROR:cef_context.cc(458)] No localized string available for id 18045
[0510/124018:ERROR:cef_context.cc(458)] No localized string available for id 18048
[0510/124018:ERROR:cef_context.cc(458)] No localized string available for id 18045
[0510/124018:ERROR:cef_context.cc(458)] No localized string available for id 18043
[0510/124018:ERROR:cef_context.cc(458)] No localized string available for id 18020
[0510/124018:ERROR:cef_context.cc(458)] No localized string available for id 18021
[0510/124018:ERROR:cef_context.cc(458)] No localized string available for id 18022
[0510/124018:ERROR:cef_context.cc(458)] No localized string available for id 18045
[0510/124018:ERROR:cef_context.cc(458)] No localized string available for id 18049
[0510/124018:ERROR:cef_context.cc(458)] No localized string available for id 18045
[0510/124018:ERROR:cef_context.cc(458)] No localized string available for id 18044
[0510/124018:ERROR:cef_context.cc(458)] No localized string available for id 18045
[0510/124018:ERROR:cef_context.cc(458)] No localized string available for id 18052
[0510/124018:ERROR:cef_context.cc(458)] No localized string available for id 18045
[0510/124018:ERROR:cef_context.cc(458)] No localized string available for id 18046
[0510/124018:ERROR:cef_context.cc(458)] No localized string available for id 18045
[0510/124018:ERROR:cef_context.cc(458)] No localized string available for id 18048
[0510/124018:ERROR:cef_context.cc(458)] No localized string available for id 18045
[0510/124018:ERROR:cef_context.cc(458)] No localized string available for id 18043
[0510/124018:ERROR:cef_context.cc(458)] No localized string available for id 18000
[0510/124359:ERROR:cef_context.cc(458)] No localized string available for id 18008
[0510/124359:ERROR:cef_context.cc(458)] No localized string available for id 18008
[0510/124746:ERROR:cef_context.cc(458)] No localized string available for id 18008
[0510/124746:ERROR:cef_context.cc(458)] No localized string available for id 18008
[0510/212344:WARNING:resource_bundle.cc(303)] locale_file_path.empty()
[0510/212554:ERROR:cef_context.cc(458)] No localized string available for id 18008
[0510/212641:ERROR:cef_context.cc(458)] No localized string available for id 18078
[0510/212641:ERROR:cef_context.cc(458)] No localized string available for id 18078
[0510/212641:ERROR:cef_context.cc(458)] No localized string available for id 18078
[0510/212641:ERROR:cef_context.cc(458)] No localized string available for id 18078
[0510/212641:ERROR:cef_context.cc(458)] No localized string available for id 18078
[0510/212641:ERROR:cef_context.cc(458)] No localized string available for id 18078
[0510/212641:ERROR:cef_context.cc(458)] No localized string available for id 18078
[0510/212641:ERROR:cef_context.cc(458)] No localized string available for id 18078
[0510/212659:ERROR:cef_context.cc(458)] No localized string available for id 18078
[0511/001800:WARNING:resource_bundle.cc(303)] locale_file_path.empty()
[0512/215004:WARNING:resource_bundle.cc(303)] locale_file_path.empty()
[0512/215213:WARNING:resource_bundle.cc(303)] locale_file_path.empty()
